Using pre-set license
Built from '2022.3/staging' branch; Version is '2022.3.3f1 (7cdc2969a641) revision 8182825'; Using compiler version '192829333'; Build Type 'Release'
OS: 'Windows 11  (10.0.22621) 64bit Core' Language: 'en' Physical Memory: 16125 MB
BatchMode: 1, IsHumanControllingUs: 0, StartBugReporterOnCrash: 0, Is64bit: 1, IsPro: 1

COMMAND LINE ARGUMENTS:
C:\Program Files\Unity 2022.3.3f1\Editor\Unity.exe
-adb2
-batchMode
-noUpm
-name
AssetImportWorker10
-projectPath
C:/Users/Ramazan/Documents/GitHub/UnityProject-Devil-Saga-Rebirth/Devil Saga Rebirth
-logFile
Logs/AssetImportWorker10.log
-srvPort
51620
Successfully changed project path to: C:/Users/Ramazan/Documents/GitHub/UnityProject-Devil-Saga-Rebirth/Devil Saga Rebirth
C:/Users/Ramazan/Documents/GitHub/UnityProject-Devil-Saga-Rebirth/Devil Saga Rebirth
[UnityMemory] Configuration Parameters - Can be set up in boot.config
    "memorysetup-bucket-allocator-granularity=16"
    "memorysetup-bucket-allocator-bucket-count=8"
    "memorysetup-bucket-allocator-block-size=33554432"
    "memorysetup-bucket-allocator-block-count=8"
    "memorysetup-main-allocator-block-size=16777216"
    "memorysetup-thread-allocator-block-size=16777216"
    "memorysetup-gfx-main-allocator-block-size=16777216"
    "memorysetup-gfx-thread-allocator-block-size=16777216"
    "memorysetup-cache-allocator-block-size=4194304"
    "memorysetup-typetree-allocator-block-size=2097152"
    "memorysetup-profiler-bucket-allocator-granularity=16"
    "memorysetup-profiler-bucket-allocator-bucket-count=8"
    "memorysetup-profiler-bucket-allocator-block-size=33554432"
    "memorysetup-profiler-bucket-allocator-block-count=8"
    "memorysetup-profiler-allocator-block-size=16777216"
    "memorysetup-profiler-editor-allocator-block-size=1048576"
    "memorysetup-temp-allocator-size-main=16777216"
    "memorysetup-job-temp-allocator-block-size=2097152"
    "memorysetup-job-temp-allocator-block-size-background=1048576"
    "memorysetup-job-temp-allocator-reduction-small-platforms=262144"
    "memorysetup-allocator-temp-initial-block-size-main=262144"
    "memorysetup-allocator-temp-initial-block-size-worker=262144"
    "memorysetup-temp-allocator-size-background-worker=32768"
    "memorysetup-temp-allocator-size-job-worker=262144"
    "memorysetup-temp-allocator-size-preload-manager=33554432"
    "memorysetup-temp-allocator-size-nav-mesh-worker=65536"
    "memorysetup-temp-allocator-size-audio-worker=65536"
    "memorysetup-temp-allocator-size-cloud-worker=32768"
    "memorysetup-temp-allocator-size-gi-baking-worker=262144"
    "memorysetup-temp-allocator-size-gfx=262144"
Player connection [4252] Host "[IP] 10.9.222.151 [Port] 0 [Flags] 2 [Guid] 851553978 [EditorId] 851553978 [Version] 1048832 [Id] WindowsEditor(7,Rama) [Debug] 1 [PackageName] WindowsEditor [ProjectName] Editor" joined multi-casting on [225.0.0.222:54997]...

Player connection [4252] Host "[IP] 10.9.222.151 [Port] 0 [Flags] 2 [Guid] 851553978 [EditorId] 851553978 [Version] 1048832 [Id] WindowsEditor(7,Rama) [Debug] 1 [PackageName] WindowsEditor [ProjectName] Editor" joined alternative multi-casting on [225.0.0.222:34997]...

Refreshing native plugins compatible for Editor in 6.01 ms, found 3 plugins.
Preloading 0 native plugins for Editor in 0.00 ms.
Initialize engine version: 2022.3.3f1 (7cdc2969a641)
[Subsystems] Discovering subsystems at path C:/Program Files/Unity 2022.3.3f1/Editor/Data/Resources/UnitySubsystems
[Subsystems] Discovering subsystems at path C:/Users/Ramazan/Documents/GitHub/UnityProject-Devil-Saga-Rebirth/Devil Saga Rebirth/Assets
GfxDevice: creating device client; threaded=0; jobified=0
Direct3D:
    Version:  Direct3D 11.0 [level 11.1]
    Renderer: NVIDIA GeForce RTX 3060 Laptop GPU (ID=0x2520)
    Vendor:   NVIDIA
    VRAM:     6009 MB
    Driver:   31.0.15.3742
Initialize mono
Mono path[0] = 'C:/Program Files/Unity 2022.3.3f1/Editor/Data/Managed'
Mono path[1] = 'C:/Program Files/Unity 2022.3.3f1/Editor/Data/MonoBleedingEdge/lib/mono/unityjit-win32'
Mono config path = 'C:/Program Files/Unity 2022.3.3f1/Editor/Data/MonoBleedingEdge/etc'
Using monoOptions --debugger-agent=transport=dt_socket,embedding=1,server=y,suspend=n,address=127.0.0.1:56560
Begin MonoManager ReloadAssembly
Registering precompiled unity dll's ...
Register platform support module: C:/Program Files/Unity 2022.3.3f1/Editor/Data/PlaybackEngines/WebGLSupport/UnityEditor.WebGL.Extensions.dll
Register platform support module: C:/Program Files/Unity 2022.3.3f1/Editor/Data/PlaybackEngines/WindowsStandaloneSupport/UnityEditor.WindowsStandalone.Extensions.dll
Registered in 0.004608 seconds.
- Loaded All Assemblies, in  0.273 seconds
Native extension for WindowsStandalone target not found
Native extension for WebGL target not found
Mono: successfully reloaded assembly
- Finished resetting the current domain, in  0.208 seconds
Domain Reload Profiling: 479ms
	BeginReloadAssembly (71ms)
		ExecutionOrderSort (0ms)
		DisableScriptedObjects (0ms)
		BackupInstance (0ms)
		ReleaseScriptingObjects (0ms)
		CreateAndSetChildDomain (1ms)
	RebuildCommonClasses (28ms)
	RebuildNativeTypeToScriptingClass (9ms)
	initialDomainReloadingComplete (44ms)
	LoadAllAssembliesAndSetupDomain (120ms)
		LoadAssemblies (69ms)
		RebuildTransferFunctionScriptingTraits (0ms)
		AnalyzeDomain (115ms)
			TypeCache.Refresh (114ms)
				TypeCache.ScanAssembly (105ms)
			ScanForSourceGeneratedMonoScriptInfo (0ms)
			ResolveRequiredComponents (0ms)
	FinalizeReload (208ms)
		ReleaseScriptCaches (0ms)
		RebuildScriptCaches (0ms)
		SetupLoadedEditorAssemblies (162ms)
			LogAssemblyErrors (0ms)
			InitializePlatformSupportModulesInManaged (7ms)
			SetLoadedEditorAssemblies (4ms)
			RefreshPlugins (0ms)
			BeforeProcessingInitializeOnLoad (1ms)
			ProcessInitializeOnLoadAttributes (111ms)
			ProcessInitializeOnLoadMethodAttributes (38ms)
			AfterProcessingInitializeOnLoad (0ms)
			EditorAssembliesLoaded (0ms)
		ExecutionOrderSort2 (0ms)
		AwakeInstancesAfterBackupRestoration (0ms)
========================================================================
Worker process is ready to serve import requests
Begin MonoManager ReloadAssembly
- Loaded All Assemblies, in  0.537 seconds
Refreshing native plugins compatible for Editor in 3.55 ms, found 3 plugins.
Native extension for WindowsStandalone target not found
Native extension for WebGL target not found
Package Manager log level set to [2]
[Package Manager] Server::EnsureServerProcessIsRunning -- launch failed, reason: Unity was launched with the -noUpm command-line argument
[Package Manager] UpmClient::Send -- Unable to send message (not connected to UPM process).
[Package Manager] Cannot connect to Unity Package Manager local server
Mono: successfully reloaded assembly
- Finished resetting the current domain, in  0.397 seconds
Domain Reload Profiling: 932ms
	BeginReloadAssembly (109ms)
		ExecutionOrderSort (0ms)
		DisableScriptedObjects (6ms)
		BackupInstance (0ms)
		ReleaseScriptingObjects (0ms)
		CreateAndSetChildDomain (21ms)
	RebuildCommonClasses (27ms)
	RebuildNativeTypeToScriptingClass (8ms)
	initialDomainReloadingComplete (32ms)
	LoadAllAssembliesAndSetupDomain (359ms)
		LoadAssemblies (181ms)
		RebuildTransferFunctionScriptingTraits (0ms)
		AnalyzeDomain (221ms)
			TypeCache.Refresh (207ms)
				TypeCache.ScanAssembly (197ms)
			ScanForSourceGeneratedMonoScriptInfo (11ms)
			ResolveRequiredComponents (3ms)
	FinalizeReload (398ms)
		ReleaseScriptCaches (0ms)
		RebuildScriptCaches (0ms)
		SetupLoadedEditorAssemblies (289ms)
			LogAssemblyErrors (0ms)
			InitializePlatformSupportModulesInManaged (5ms)
			SetLoadedEditorAssemblies (3ms)
			RefreshPlugins (0ms)
			BeforeProcessingInitializeOnLoad (42ms)
			ProcessInitializeOnLoadAttributes (221ms)
			ProcessInitializeOnLoadMethodAttributes (13ms)
			AfterProcessingInitializeOnLoad (4ms)
			EditorAssembliesLoaded (0ms)
		ExecutionOrderSort2 (0ms)
		AwakeInstancesAfterBackupRestoration (5ms)
Launched and connected shader compiler UnityShaderCompiler.exe after 0.03 seconds
Refreshing native plugins compatible for Editor in 2.05 ms, found 3 plugins.
Preloading 0 native plugins for Editor in 0.00 ms.
Unloading 3094 Unused Serialized files (Serialized files now loaded: 0)
Unloading 31 unused Assets / (56.9 KB). Loaded Objects now: 3589.
Memory consumption went from 135.7 MB to 135.7 MB.
Total: 2.645200 ms (FindLiveObjects: 0.280000 ms CreateObjectMapping: 0.098400 ms MarkObjects: 2.162500 ms  DeleteObjects: 0.103600 ms)

AssetImportParameters requested are different than current active one (requested -> active):
  custom:scripting/monoscript/fileName/DepthOfFieldDeprecated.cs: 8700a90d2d763e9c01f08a0cd128cca8 -> 
  custom:scripting/monoscript/fileName/CameraMotionBlur.cs: 458c2b6f90eeea041921d89083a79e55 -> 
  custom:scripting/monoscript/fileName/ColorCorrectionLookupEditor.cs: a2fb9e7138550e9aa0e0de2d21737d42 -> 
  custom:scripting/monoscript/fileName/TiltShift.cs: 13ff1d7342528fc14a2e194c2bdc09fb -> 
  custom:container-demuxer-ogg: 62fdf1f143b41e24485cea50d1cbac27 -> 
  custom:scripting/monoscript/fileName/ScreenSpaceAmbientOcclusion.cs: 42eb6963a5f738a978938eb937f58d78 -> 
  custom:scripting/monoscript/fileName/DepthOfFieldEditor.cs: a3868cd4e6c6aec7c31ee3ed2b09abe8 -> 
  custom:video-codec-MediaFoundation-h265: 746d11721c4dcdbdad8f713fa42b33f4 -> 
  custom:scripting/monoscript/fileName/NoiseAndGrainEditor.cs: 0276e69b6de7374aa913d893485a004e -> 
  custom:video-decoder-ogg-theora: a1e56fd34408186e4bbccfd4996cb3dc -> 
  custom:scripting/monoscript/fileName/SunShafts.cs: abee30526487200fa16387df850e7daf -> 
  custom:scripting/monoscript/fileName/MotionBlur.cs: 7d52f2ac2c90424481a38c8ec7edb91c -> 
  custom:framework-win-MediaFoundation: 216162199b28c13a410421893ffa2e32 -> 
  custom:scripting/monoscript/fileName/Grayscale.cs: 87671e23fd2948061f63e16eb704f3a3 -> 
  custom:scripting/monoscript/fileName/BlurOptimized.cs: a99dff34286593c12b0fab92e7c0da68 -> 
  custom:scripting/monoscript/fileName/CameraMotionBlurEditor.cs: 7c502cd6630e6f5609abadb3991d9ab2 -> 
  custom:scripting/monoscript/fileName/Quads.cs: 2f24050aded65dda899533ba7849a43c -> 
  custom:scripting/monoscript/fileName/Blur.cs: 16b33e375f19895ec61239c77165934f -> 
  custom:scripting/monoscript/fileName/DepthOfFieldDeprecatedEditor.cs: 9c0d6ba6950f727fa7ed1bfef973ec32 -> 
  custom:scripting/monoscript/fileName/ImageEffects.cs: fc49fae855f2f50655b411c31423a73d -> 
  custom:scripting/monoscript/fileName/PostEffectsBase.cs: 6aabc5a6e1a831a9196622d2796540be -> 
  custom:scripting/monoscript/fileName/ExtinguishableFire.cs: 6fc079e965f07121ccb01d97432a83e7 -> 
  custom:scripting/monoscript/fileName/ColorCorrectionLookup.cs: cdade6b297f1c116727fa6035591313f -> 
  custom:container-demuxer-webm: 4f35f7cbe854078d1ac9338744f61a02 -> 
  custom:scripting/monoscript/fileName/Triangles.cs: 64f7a3839fbac059155d5ec1d8597e9c -> 
  custom:scripting/monoscript/fileName/SunShaftsEditor.cs: 14ff19bb08f48e5592630a8ef09a85a4 -> 
  custom:scripting/monoscript/fileName/ContrastStretch.cs: 606dc0496a32ea6e71f97dc962793c28 -> 
  custom:scripting/monoscript/fileName/GunAim.cs: a359bcb45b8a9070343cabc49c6d6c12 -> 
  custom:scripting/monoscript/fileName/ParticleMenu.cs: 701aa12128b01c89a035dcec7c7d7504 -> 
  custom:scripting/monoscript/fileName/EdgeDetectionEditor.cs: 4cca3302e9c064dba4f706ba0e5d7102 -> 
  custom:container-muxer-webm: aa71ff27fc2769a1b78a27578f13a17b -> 
  custom:scripting/monoscript/fileName/ContrastEnhance.cs: 25207a33818c5454fd86fad73189b2cd -> 
  custom:scripting/monoscript/fileName/ParticleCollision.cs: 71b71ac2cffa6bd7fb708664d6afc389 -> 
  custom:video-decoder-webm-vp8: 9c59270c3fd7afecdb556c50c9e8de78 -> 
  custom:scripting/monoscript/fileName/GunShoot.cs: 88c772e3426422d2042c20de5e9fd7a7 -> 
  custom:scripting/monoscript/fileName/PostEffectsHelper.cs: 5b0aade5ee85030099a328bfa56e17eb -> 
  custom:AudioImporter_EditorPlatform: d09bf68614088b80899f8185d706f6e7 -> 
  custom:scripting/monoscript/fileName/CreaseShading.cs: 5b17bf81bff982a9605309492401c574 -> 
  custom:scripting/monoscript/fileName/AntialiasingEditor.cs: cd1db322c4d4bac3e0fdd7740cc772c6 -> 
  custom:scripting/monoscript/fileName/Antialiasing.cs: bec6c7367bf7f3b527b25907b25d4102 -> 
  custom:scripting/monoscript/fileName/SepiaTone.cs: 67c7b044a145b042dba91a1a8d54f9f4 -> 
  custom:scripting/monoscript/fileName/ImageEffectBase.cs: 6d460e3d17a4175e44411c6923e62aed -> 
  custom:scripting/monoscript/fileName/NoiseAndGrain.cs: f4f7112c95c7474ffaf494b422803169 -> 
  custom:scripting/monoscript/fileName/BloomAndFlaresEditor.cs: 1f9e796d927ffcd86ccbfad6ec7007d5 -> 
  custom:scripting/monoscript/fileName/ScreenSpaceAmbientObscurance.cs: 958d0bf4e6842d24e3147fb5da01010e -> 
  custom:scripting/monoscript/fileName/CreaseShadingEditor.cs: 10fe90e5375fc621d9f19b702723dc86 -> 
  custom:scripting/monoscript/fileName/Fisheye.cs: ad168996bfc8fa7824e22ed9b5548fe9 -> 
  custom:scripting/monoscript/fileName/Twirl.cs: 13260c2451d9e72af8c2f232859ba959 -> 
  custom:scripting/monoscript/fileName/ScreenOverlay.cs: 8b6e368a4e3d0df848783015d0ee2b1e -> 
  custom:video-encoder-webm-vp8: eb34c28f22e8b96e1ab97ce403110664 -> 
  custom:scripting/monoscript/fileName/DecalDestroyer.cs: decd07b35d36ed7e38fde9c92f7048ba -> 
  custom:scripting/monoscript/fileName/Bloom.cs: 33cd4fe5846ab030762c2d9a63dce329 -> 
  custom:audio-decoder-ogg-vorbis: bf7c407c2cedff20999df2af8eb42d56 -> 
  custom:scripting/monoscript/fileName/Vortex.cs: d2f7738ed789b7a977f000ffd0cf8890 -> 
  custom:scripting/monoscript/fileName/ColorCorrectionCurvesEditor.cs: ba8c98b45b2e94f575e6b8aff77cc447 -> 
  custom:scripting/monoscript/fileName/TonemappingEditor.cs: edac4117593cd8c316e847cfa4a2c184 -> 
  custom:scripting/monoscript/fileName/ParticleExamples.cs: fa7f72e4810c68574ab637c94b215424 -> 
  custom:scripting/monoscript/fileName/DepthOfField.cs: d3ca753d15782e18ed3483b3a0afd175 -> 
  custom:scripting/monoscript/fileName/BloomEditor.cs: 43b3df46b7cb2255d2c1c8dbcafea8dc -> 
  custom:scripting/monoscript/fileName/VignetteAndChromaticAberrationEditor.cs: de7480822b02f6e7bbb6e752b450d6c9 -> 
  custom:scripting/monoscript/fileName/BloomOptimized.cs: deef391a4062215fa64b13290b34b1e5 -> 
  custom:scripting/monoscript/fileName/BloomAndFlares.cs: 8afb5ea14b913734370925506b923fb7 -> 
  custom:scripting/monoscript/fileName/VignetteAndChromaticAberration.cs: 6f7816e6c6a96eb38e8b34a3171a3d7a -> 
  custom:scripting/monoscript/fileName/GlobalFog.cs: cec4a166fe83b304dd694da080c37c22 -> 
  custom:audio-encoder-webm-vorbis: bf7c407c2cedff20999df2af8eb42d56 -> 
  custom:scripting/monoscript/fileName/Tonemapping.cs: c9f290b3ad74cc49f26aca1f0af02743 -> 
  custom:scripting/monoscript/fileName/EdgeDetection.cs: 7e270773de6bd808e57f1eb909c3207a -> 
  custom:scripting/monoscript/fileName/ColorCorrectionCurves.cs: 0fe9ce599982e40ac8aba010733d7bdc -> 
  custom:scripting/monoscript/fileName/ColorCorrectionRamp.cs: a7e8fab02fd9ee3f41f3660b4752114a -> 
  custom:scripting/monoscript/fileName/NoiseAndScratches.cs: e0c1886d5a6b335ec4861c2068c91d03 -> 
========================================================================
Received Import Request.
  Time since last request: 8514.192220 seconds.
  path: Assets/Objects/POLYGON city pack/Materials/Material_meshs/i4.mat
  artifactKey: Guid(c2cd0d24c1534964ea6cfaeb51f2b9d6) Importer(815301076,1909f56bfc062723c751e8b465ee728b)
Start importing Assets/Objects/POLYGON city pack/Materials/Material_meshs/i4.mat using Guid(c2cd0d24c1534964ea6cfaeb51f2b9d6) Importer(815301076,1909f56bfc062723c751e8b465ee728b)  -> (artifact id: 'e14fd8dd53fb6933985af097d09a67fa') in 0.111840 seconds
Number of updated asset objects reloaded before import = 0
Number of asset objects unloaded after import = 2
========================================================================
Received Import Request.
  Time since last request: 0.000025 seconds.
  path: Assets/Objects/POLYGON city pack/Materials/Material_meshs/Shop_c.mat
  artifactKey: Guid(b7addb38a7c13a440a9c13d2d501f19d) Importer(815301076,1909f56bfc062723c751e8b465ee728b)
Start importing Assets/Objects/POLYGON city pack/Materials/Material_meshs/Shop_c.mat using Guid(b7addb38a7c13a440a9c13d2d501f19d) Importer(815301076,1909f56bfc062723c751e8b465ee728b)  -> (artifact id: '5e1ad51aa73375254e24103b57df8bf6') in 0.019018 seconds
Number of updated asset objects reloaded before import = 0
Number of asset objects unloaded after import = 2
========================================================================
Received Import Request.
  Time since last request: 1.675570 seconds.
  path: Assets/Objects/POLYGON city pack/Materials/Material_meshs/Sideway.mat
  artifactKey: Guid(ade4d9b3b14d5b045884be40b327deb1) Importer(815301076,1909f56bfc062723c751e8b465ee728b)
Start importing Assets/Objects/POLYGON city pack/Materials/Material_meshs/Sideway.mat using Guid(ade4d9b3b14d5b045884be40b327deb1) Importer(815301076,1909f56bfc062723c751e8b465ee728b)  -> (artifact id: '9549130cc3b919e3bc50e310ebb6249d') in 0.011826 seconds
Number of updated asset objects reloaded before import = 0
Number of asset objects unloaded after import = 2
========================================================================
Received Import Request.
  Time since last request: 0.028645 seconds.
  path: Assets/Objects/POLYGON city pack/Materials/Material_meshs/Sign_parking.mat
  artifactKey: Guid(9b60638852f2e1c46a28db8be414a5ea) Importer(815301076,1909f56bfc062723c751e8b465ee728b)
Start importing Assets/Objects/POLYGON city pack/Materials/Material_meshs/Sign_parking.mat using Guid(9b60638852f2e1c46a28db8be414a5ea) Importer(815301076,1909f56bfc062723c751e8b465ee728b)  -> (artifact id: 'cbc50be25ac0ce601a9a99dc12c984a1') in 0.013274 seconds
Number of updated asset objects reloaded before import = 0
Number of asset objects unloaded after import = 2
========================================================================
Received Import Request.
  Time since last request: 0.000018 seconds.
  path: Assets/Objects/POLYGON city pack/Materials/Material_meshs/Sign_speed_ 25.mat
  artifactKey: Guid(022538b5b0bd7134b9c3c564669efd06) Importer(815301076,1909f56bfc062723c751e8b465ee728b)
Start importing Assets/Objects/POLYGON city pack/Materials/Material_meshs/Sign_speed_ 25.mat using Guid(022538b5b0bd7134b9c3c564669efd06) Importer(815301076,1909f56bfc062723c751e8b465ee728b)  -> (artifact id: '91fb797eda30886c53229a5770e84576') in 0.012705 seconds
Number of updated asset objects reloaded before import = 0
Number of asset objects unloaded after import = 2
========================================================================
Received Import Request.
  Time since last request: 0.025839 seconds.
  path: Assets/Objects/POLYGON city pack/Materials/Material_meshs/Sign_speed_10.mat
  artifactKey: Guid(61cea1addb183bb4e8d982811f186a3d) Importer(815301076,1909f56bfc062723c751e8b465ee728b)
Start importing Assets/Objects/POLYGON city pack/Materials/Material_meshs/Sign_speed_10.mat using Guid(61cea1addb183bb4e8d982811f186a3d) Importer(815301076,1909f56bfc062723c751e8b465ee728b)  -> (artifact id: 'f26b39df0b842460e098c1b46cca8e0b') in 0.012584 seconds
Number of updated asset objects reloaded before import = 0
Number of asset objects unloaded after import = 2
========================================================================
Received Import Request.
  Time since last request: 0.664264 seconds.
  path: Assets/Objects/POLYGON city pack/Materials/Material_meshs/Sign_traffic 3.mat
  artifactKey: Guid(6de6fe3ba14a14848a5014692825ee59) Importer(815301076,1909f56bfc062723c751e8b465ee728b)
Start importing Assets/Objects/POLYGON city pack/Materials/Material_meshs/Sign_traffic 3.mat using Guid(6de6fe3ba14a14848a5014692825ee59) Importer(815301076,1909f56bfc062723c751e8b465ee728b)  -> (artifact id: 'f7c34b07e2899a619e21e5e3a9e92a5f') in 0.012341 seconds
Number of updated asset objects reloaded before import = 0
Number of asset objects unloaded after import = 2
========================================================================
Received Import Request.
  Time since last request: 0.510068 seconds.
  path: Assets/Objects/POLYGON city pack/Materials/Material_meshs/speed_limit_sign_70.mat
  artifactKey: Guid(140cf9341d9a6c94cb47fa338e4b9a73) Importer(815301076,1909f56bfc062723c751e8b465ee728b)
Start importing Assets/Objects/POLYGON city pack/Materials/Material_meshs/speed_limit_sign_70.mat using Guid(140cf9341d9a6c94cb47fa338e4b9a73) Importer(815301076,1909f56bfc062723c751e8b465ee728b)  -> (artifact id: '1b09e04e3c144ded3a329701173170b1') in 0.017933 seconds
Number of updated asset objects reloaded before import = 0
Number of asset objects unloaded after import = 2
========================================================================
Received Import Request.
  Time since last request: 7.618834 seconds.
  path: Assets/Objects/POLYGON city pack/Materials/Material_meshs/street 3.mat
  artifactKey: Guid(7e20040aa26e36443b2ae6d45e7b8ff6) Importer(815301076,1909f56bfc062723c751e8b465ee728b)
Start importing Assets/Objects/POLYGON city pack/Materials/Material_meshs/street 3.mat using Guid(7e20040aa26e36443b2ae6d45e7b8ff6) Importer(815301076,1909f56bfc062723c751e8b465ee728b)  -> (artifact id: '8113bfe4d1aeef0e88d8f027cfcadc19') in 0.014694 seconds
Number of updated asset objects reloaded before import = 0
Number of asset objects unloaded after import = 2
========================================================================
Received Import Request.
  Time since last request: 0.000021 seconds.
  path: Assets/Objects/POLYGON city pack/Materials/Material_meshs/street 5.mat
  artifactKey: Guid(55f55d8f998363c4d91b7b94cb5a37ca) Importer(815301076,1909f56bfc062723c751e8b465ee728b)
Start importing Assets/Objects/POLYGON city pack/Materials/Material_meshs/street 5.mat using Guid(55f55d8f998363c4d91b7b94cb5a37ca) Importer(815301076,1909f56bfc062723c751e8b465ee728b)  -> (artifact id: '07077a0190a5fdf98147f32cb27797c9') in 0.011716 seconds
Number of updated asset objects reloaded before import = 0
Number of asset objects unloaded after import = 2
========================================================================
Received Import Request.
  Time since last request: 0.020306 seconds.
  path: Assets/Objects/POLYGON city pack/Materials/Material_meshs/street 7.mat
  artifactKey: Guid(b991b79651d0c31409fa826ebb42f3d7) Importer(815301076,1909f56bfc062723c751e8b465ee728b)
Start importing Assets/Objects/POLYGON city pack/Materials/Material_meshs/street 7.mat using Guid(b991b79651d0c31409fa826ebb42f3d7) Importer(815301076,1909f56bfc062723c751e8b465ee728b)  -> (artifact id: '97a178fa308d88a70f4352f81aa78d4e') in 0.013178 seconds
Number of updated asset objects reloaded before import = 0
Number of asset objects unloaded after import = 2
========================================================================
Received Import Request.
  Time since last request: 0.310787 seconds.
  path: Assets/Objects/POLYGON city pack/Materials/Material_meshs/street 11.mat
  artifactKey: Guid(6ccb05ecd9cd79b4fbc6cf7019198d6b) Importer(815301076,1909f56bfc062723c751e8b465ee728b)
Start importing Assets/Objects/POLYGON city pack/Materials/Material_meshs/street 11.mat using Guid(6ccb05ecd9cd79b4fbc6cf7019198d6b) Importer(815301076,1909f56bfc062723c751e8b465ee728b)  -> (artifact id: '7cc8e4731404e2a5893ec0f9de607829') in 0.011817 seconds
Number of updated asset objects reloaded before import = 0
Number of asset objects unloaded after import = 2
========================================================================
Received Import Request.
  Time since last request: 0.032110 seconds.
  path: Assets/Objects/POLYGON city pack/Materials/Material_meshs/street 15.mat
  artifactKey: Guid(8fb5e0bbb6ab4fd4caa5feafd9ec8aee) Importer(815301076,1909f56bfc062723c751e8b465ee728b)
Start importing Assets/Objects/POLYGON city pack/Materials/Material_meshs/street 15.mat using Guid(8fb5e0bbb6ab4fd4caa5feafd9ec8aee) Importer(815301076,1909f56bfc062723c751e8b465ee728b)  -> (artifact id: '6c0445c82fb39368d06ec7c5ca87b129') in 0.012709 seconds
Number of updated asset objects reloaded before import = 0
Number of asset objects unloaded after import = 2
========================================================================
Received Import Request.
  Time since last request: 0.024892 seconds.
  path: Assets/Objects/POLYGON city pack/Materials/Material_meshs/street 19.mat
  artifactKey: Guid(f8c0e9b4d11bff14da607053f5012175) Importer(815301076,1909f56bfc062723c751e8b465ee728b)
Start importing Assets/Objects/POLYGON city pack/Materials/Material_meshs/street 19.mat using Guid(f8c0e9b4d11bff14da607053f5012175) Importer(815301076,1909f56bfc062723c751e8b465ee728b)  -> (artifact id: '0098a52f4d86e450fd029a200f2accf1') in 0.011710 seconds
Number of updated asset objects reloaded before import = 0
Number of asset objects unloaded after import = 2
========================================================================
Received Import Request.
  Time since last request: 0.000048 seconds.
  path: Assets/Objects/POLYGON city pack/Materials/Material_meshs/street 21.mat
  artifactKey: Guid(b104df4148bcf294b9ec4a842c8e5b51) Importer(815301076,1909f56bfc062723c751e8b465ee728b)
Start importing Assets/Objects/POLYGON city pack/Materials/Material_meshs/street 21.mat using Guid(b104df4148bcf294b9ec4a842c8e5b51) Importer(815301076,1909f56bfc062723c751e8b465ee728b)  -> (artifact id: 'd44d98e0c0852acf0fcfb74c21d6c59b') in 0.011853 seconds
Number of updated asset objects reloaded before import = 0
Number of asset objects unloaded after import = 2
========================================================================
Received Import Request.
  Time since last request: 0.443943 seconds.
  path: Assets/Objects/POLYGON city pack/Materials/Material_meshs/StreetSellerStand AD.mat
  artifactKey: Guid(a772bcb58f8935449a3219ec0e4bffa8) Importer(815301076,1909f56bfc062723c751e8b465ee728b)
Start importing Assets/Objects/POLYGON city pack/Materials/Material_meshs/StreetSellerStand AD.mat using Guid(a772bcb58f8935449a3219ec0e4bffa8) Importer(815301076,1909f56bfc062723c751e8b465ee728b)  -> (artifact id: 'cba259de1b8a1a56d8d6117b714f1e65') in 0.011243 seconds
Number of updated asset objects reloaded before import = 0
Number of asset objects unloaded after import = 2
========================================================================
Received Import Request.
  Time since last request: 0.000023 seconds.
  path: Assets/Objects/POLYGON city pack/Materials/Material_meshs/televserion antenna.mat
  artifactKey: Guid(ec7a0e608e3ad6040b3cfa171659ca44) Importer(815301076,1909f56bfc062723c751e8b465ee728b)
Start importing Assets/Objects/POLYGON city pack/Materials/Material_meshs/televserion antenna.mat using Guid(ec7a0e608e3ad6040b3cfa171659ca44) Importer(815301076,1909f56bfc062723c751e8b465ee728b)  -> (artifact id: '2fa0c838f1b40ca90bb8e30b53d48576') in 0.010401 seconds
Number of updated asset objects reloaded before import = 0
Number of asset objects unloaded after import = 2
========================================================================
Received Import Request.
  Time since last request: 0.004495 seconds.
  path: Assets/Objects/POLYGON city pack/Materials/Material_meshs/traffic_obj.mat
  artifactKey: Guid(f4acfc13e074a6e43bc89c69d707c810) Importer(815301076,1909f56bfc062723c751e8b465ee728b)
Start importing Assets/Objects/POLYGON city pack/Materials/Material_meshs/traffic_obj.mat using Guid(f4acfc13e074a6e43bc89c69d707c810) Importer(815301076,1909f56bfc062723c751e8b465ee728b)  -> (artifact id: 'cdec7d2618e6393a8192b7c4b1920730') in 0.010358 seconds
Number of updated asset objects reloaded before import = 0
Number of asset objects unloaded after import = 2
========================================================================
Received Import Request.
  Time since last request: 0.027397 seconds.
  path: Assets/Objects/POLYGON city pack/Materials/Material_meshs/trashcan.mat
  artifactKey: Guid(a33d51cf45695ce4e862ea7fd9727a58) Importer(815301076,1909f56bfc062723c751e8b465ee728b)
Start importing Assets/Objects/POLYGON city pack/Materials/Material_meshs/trashcan.mat using Guid(a33d51cf45695ce4e862ea7fd9727a58) Importer(815301076,1909f56bfc062723c751e8b465ee728b)  -> (artifact id: '216e9b888fcd9b03e147f823ec8e6f85') in 0.011550 seconds
Number of updated asset objects reloaded before import = 0
Number of asset objects unloaded after import = 2
========================================================================
Received Import Request.
  Time since last request: 0.238284 seconds.
  path: Assets/Objects/POLYGON city pack/Materials/Material_meshs/wood pot.mat
  artifactKey: Guid(4ab9b41d9d99ce346be37a4aaa2c5c8f) Importer(815301076,1909f56bfc062723c751e8b465ee728b)
Start importing Assets/Objects/POLYGON city pack/Materials/Material_meshs/wood pot.mat using Guid(4ab9b41d9d99ce346be37a4aaa2c5c8f) Importer(815301076,1909f56bfc062723c751e8b465ee728b)  -> (artifact id: 'c0a750f03ebe8af018a55e470aba4053') in 0.010358 seconds
Number of updated asset objects reloaded before import = 0
Number of asset objects unloaded after import = 2
========================================================================
Received Prepare
Begin MonoManager ReloadAssembly
- Loaded All Assemblies, in  0.535 seconds
Refreshing native plugins compatible for Editor in 3.14 ms, found 3 plugins.
Native extension for WindowsStandalone target not found
Native extension for WebGL target not found
[Package Manager] Server::EnsureServerProcessIsRunning -- launch failed, reason: Unity was launched with the -noUpm command-line argument
[Package Manager] UpmClient::Send -- Unable to send message (not connected to UPM process).
[Package Manager] Cannot connect to Unity Package Manager local server
Mono: successfully reloaded assembly
- Finished resetting the current domain, in  0.612 seconds
Domain Reload Profiling: 1145ms
	BeginReloadAssembly (124ms)
		ExecutionOrderSort (0ms)
		DisableScriptedObjects (3ms)
		BackupInstance (0ms)
		ReleaseScriptingObjects (0ms)
		CreateAndSetChildDomain (40ms)
	RebuildCommonClasses (24ms)
	RebuildNativeTypeToScriptingClass (9ms)
	initialDomainReloadingComplete (24ms)
	LoadAllAssembliesAndSetupDomain (352ms)
		LoadAssemblies (183ms)
		RebuildTransferFunctionScriptingTraits (0ms)
		AnalyzeDomain (217ms)
			TypeCache.Refresh (212ms)
				TypeCache.ScanAssembly (200ms)
			ScanForSourceGeneratedMonoScriptInfo (0ms)
			ResolveRequiredComponents (5ms)
	FinalizeReload (613ms)
		ReleaseScriptCaches (0ms)
		RebuildScriptCaches (0ms)
		SetupLoadedEditorAssemblies (292ms)
			LogAssemblyErrors (0ms)
			InitializePlatformSupportModulesInManaged (5ms)
			SetLoadedEditorAssemblies (4ms)
			RefreshPlugins (0ms)
			BeforeProcessingInitializeOnLoad (45ms)
			ProcessInitializeOnLoadAttributes (215ms)
			ProcessInitializeOnLoadMethodAttributes (17ms)
			AfterProcessingInitializeOnLoad (7ms)
			EditorAssembliesLoaded (0ms)
		ExecutionOrderSort2 (0ms)
		AwakeInstancesAfterBackupRestoration (6ms)
Refreshing native plugins compatible for Editor in 2.27 ms, found 3 plugins.
Preloading 0 native plugins for Editor in 0.00 ms.
Unloading 3073 Unused Serialized files (Serialized files now loaded: 0)
Unloading 22 unused Assets / (30.6 KB). Loaded Objects now: 3633.
Memory consumption went from 135.4 MB to 135.4 MB.
Total: 3.589500 ms (FindLiveObjects: 0.804700 ms CreateObjectMapping: 0.391400 ms MarkObjects: 2.348700 ms  DeleteObjects: 0.043300 ms)

Prepare: number of updated asset objects reloaded= 0
AssetImportParameters requested are different than current active one (requested -> active):
  custom:scripting/monoscript/fileName/DepthOfFieldDeprecated.cs: 8700a90d2d763e9c01f08a0cd128cca8 -> 
  custom:scripting/monoscript/fileName/CameraMotionBlur.cs: 458c2b6f90eeea041921d89083a79e55 -> 
  custom:scripting/monoscript/fileName/ColorCorrectionLookupEditor.cs: a2fb9e7138550e9aa0e0de2d21737d42 -> 
  custom:scripting/monoscript/fileName/TiltShift.cs: 13ff1d7342528fc14a2e194c2bdc09fb -> 
  custom:container-demuxer-ogg: 62fdf1f143b41e24485cea50d1cbac27 -> 
  custom:scripting/monoscript/fileName/ScreenSpaceAmbientOcclusion.cs: 42eb6963a5f738a978938eb937f58d78 -> 
  custom:scripting/monoscript/fileName/DepthOfFieldEditor.cs: a3868cd4e6c6aec7c31ee3ed2b09abe8 -> 
  custom:video-codec-MediaFoundation-h265: 746d11721c4dcdbdad8f713fa42b33f4 -> 
  custom:scripting/monoscript/fileName/NoiseAndGrainEditor.cs: 0276e69b6de7374aa913d893485a004e -> 
  custom:video-decoder-ogg-theora: a1e56fd34408186e4bbccfd4996cb3dc -> 
  custom:scripting/monoscript/fileName/SunShafts.cs: abee30526487200fa16387df850e7daf -> 
  custom:scripting/monoscript/fileName/MotionBlur.cs: 7d52f2ac2c90424481a38c8ec7edb91c -> 
  custom:framework-win-MediaFoundation: 216162199b28c13a410421893ffa2e32 -> 
  custom:scripting/monoscript/fileName/Grayscale.cs: 87671e23fd2948061f63e16eb704f3a3 -> 
  custom:scripting/monoscript/fileName/BlurOptimized.cs: a99dff34286593c12b0fab92e7c0da68 -> 
  custom:scripting/monoscript/fileName/CameraMotionBlurEditor.cs: 7c502cd6630e6f5609abadb3991d9ab2 -> 
  custom:scripting/monoscript/fileName/Quads.cs: 2f24050aded65dda899533ba7849a43c -> 
  custom:scripting/monoscript/fileName/Blur.cs: 16b33e375f19895ec61239c77165934f -> 
  custom:scripting/monoscript/fileName/DepthOfFieldDeprecatedEditor.cs: 9c0d6ba6950f727fa7ed1bfef973ec32 -> 
  custom:scripting/monoscript/fileName/ImageEffects.cs: fc49fae855f2f50655b411c31423a73d -> 
  custom:scripting/monoscript/fileName/PostEffectsBase.cs: 6aabc5a6e1a831a9196622d2796540be -> 
  custom:scripting/monoscript/fileName/ExtinguishableFire.cs: 6fc079e965f07121ccb01d97432a83e7 -> 
  custom:scripting/monoscript/fileName/ColorCorrectionLookup.cs: cdade6b297f1c116727fa6035591313f -> 
  custom:container-demuxer-webm: 4f35f7cbe854078d1ac9338744f61a02 -> 
  custom:scripting/monoscript/fileName/Triangles.cs: 64f7a3839fbac059155d5ec1d8597e9c -> 
  custom:scripting/monoscript/fileName/SunShaftsEditor.cs: 14ff19bb08f48e5592630a8ef09a85a4 -> 
  custom:scripting/monoscript/fileName/ContrastStretch.cs: 606dc0496a32ea6e71f97dc962793c28 -> 
  custom:scripting/monoscript/fileName/GunAim.cs: a359bcb45b8a9070343cabc49c6d6c12 -> 
  custom:scripting/monoscript/fileName/ParticleMenu.cs: 701aa12128b01c89a035dcec7c7d7504 -> 
  custom:scripting/monoscript/fileName/EdgeDetectionEditor.cs: 4cca3302e9c064dba4f706ba0e5d7102 -> 
  custom:container-muxer-webm: aa71ff27fc2769a1b78a27578f13a17b -> 
  custom:scripting/monoscript/fileName/ContrastEnhance.cs: 25207a33818c5454fd86fad73189b2cd -> 
  custom:scripting/monoscript/fileName/ParticleCollision.cs: 71b71ac2cffa6bd7fb708664d6afc389 -> 
  custom:video-decoder-webm-vp8: 9c59270c3fd7afecdb556c50c9e8de78 -> 
  custom:scripting/monoscript/fileName/GunShoot.cs: 88c772e3426422d2042c20de5e9fd7a7 -> 
  custom:scripting/monoscript/fileName/PostEffectsHelper.cs: 5b0aade5ee85030099a328bfa56e17eb -> 
  custom:AudioImporter_EditorPlatform: d09bf68614088b80899f8185d706f6e7 -> 
  custom:scripting/monoscript/fileName/CreaseShading.cs: 5b17bf81bff982a9605309492401c574 -> 
  custom:scripting/monoscript/fileName/AntialiasingEditor.cs: cd1db322c4d4bac3e0fdd7740cc772c6 -> 
  custom:scripting/monoscript/fileName/Antialiasing.cs: bec6c7367bf7f3b527b25907b25d4102 -> 
  custom:scripting/monoscript/fileName/SepiaTone.cs: 67c7b044a145b042dba91a1a8d54f9f4 -> 
  custom:scripting/monoscript/fileName/ImageEffectBase.cs: 6d460e3d17a4175e44411c6923e62aed -> 
  custom:scripting/monoscript/fileName/NoiseAndGrain.cs: f4f7112c95c7474ffaf494b422803169 -> 
  custom:scripting/monoscript/fileName/BloomAndFlaresEditor.cs: 1f9e796d927ffcd86ccbfad6ec7007d5 -> 
  custom:scripting/monoscript/fileName/ScreenSpaceAmbientObscurance.cs: 958d0bf4e6842d24e3147fb5da01010e -> 
  custom:scripting/monoscript/fileName/CreaseShadingEditor.cs: 10fe90e5375fc621d9f19b702723dc86 -> 
  custom:scripting/monoscript/fileName/Fisheye.cs: ad168996bfc8fa7824e22ed9b5548fe9 -> 
  custom:scripting/monoscript/fileName/Twirl.cs: 13260c2451d9e72af8c2f232859ba959 -> 
  custom:scripting/monoscript/fileName/ScreenOverlay.cs: 8b6e368a4e3d0df848783015d0ee2b1e -> 
  custom:video-encoder-webm-vp8: eb34c28f22e8b96e1ab97ce403110664 -> 
  custom:scripting/monoscript/fileName/DecalDestroyer.cs: decd07b35d36ed7e38fde9c92f7048ba -> 
  custom:scripting/monoscript/fileName/Bloom.cs: 33cd4fe5846ab030762c2d9a63dce329 -> 
  custom:audio-decoder-ogg-vorbis: bf7c407c2cedff20999df2af8eb42d56 -> 
  custom:scripting/monoscript/fileName/Vortex.cs: d2f7738ed789b7a977f000ffd0cf8890 -> 
  custom:scripting/monoscript/fileName/ColorCorrectionCurvesEditor.cs: ba8c98b45b2e94f575e6b8aff77cc447 -> 
  custom:scripting/monoscript/fileName/TonemappingEditor.cs: edac4117593cd8c316e847cfa4a2c184 -> 
  custom:scripting/monoscript/fileName/ParticleExamples.cs: fa7f72e4810c68574ab637c94b215424 -> 
  custom:scripting/monoscript/fileName/DepthOfField.cs: d3ca753d15782e18ed3483b3a0afd175 -> 
  custom:scripting/monoscript/fileName/BloomEditor.cs: 43b3df46b7cb2255d2c1c8dbcafea8dc -> 
  custom:scripting/monoscript/fileName/VignetteAndChromaticAberrationEditor.cs: de7480822b02f6e7bbb6e752b450d6c9 -> 
  custom:scripting/monoscript/fileName/BloomOptimized.cs: deef391a4062215fa64b13290b34b1e5 -> 
  custom:scripting/monoscript/fileName/BloomAndFlares.cs: 8afb5ea14b913734370925506b923fb7 -> 
  custom:scripting/monoscript/fileName/VignetteAndChromaticAberration.cs: 6f7816e6c6a96eb38e8b34a3171a3d7a -> 
  custom:scripting/monoscript/fileName/GlobalFog.cs: cec4a166fe83b304dd694da080c37c22 -> 
  custom:audio-encoder-webm-vorbis: bf7c407c2cedff20999df2af8eb42d56 -> 
  custom:scripting/monoscript/fileName/Tonemapping.cs: c9f290b3ad74cc49f26aca1f0af02743 -> 
  custom:scripting/monoscript/fileName/EdgeDetection.cs: 7e270773de6bd808e57f1eb909c3207a -> 
  custom:scripting/monoscript/fileName/ColorCorrectionCurves.cs: 0fe9ce599982e40ac8aba010733d7bdc -> 
  custom:scripting/monoscript/fileName/ColorCorrectionRamp.cs: a7e8fab02fd9ee3f41f3660b4752114a -> 
  custom:scripting/monoscript/fileName/NoiseAndScratches.cs: e0c1886d5a6b335ec4861c2068c91d03 -> 
========================================================================
Received Prepare
Begin MonoManager ReloadAssembly
- Loaded All Assemblies, in  0.572 seconds
Refreshing native plugins compatible for Editor in 2.62 ms, found 3 plugins.
Native extension for WindowsStandalone target not found
Native extension for WebGL target not found
[Package Manager] Server::EnsureServerProcessIsRunning -- launch failed, reason: Unity was launched with the -noUpm command-line argument
[Package Manager] UpmClient::Send -- Unable to send message (not connected to UPM process).
[Package Manager] Cannot connect to Unity Package Manager local server
Mono: successfully reloaded assembly
- Finished resetting the current domain, in  0.648 seconds
Domain Reload Profiling: 1218ms
	BeginReloadAssembly (115ms)
		ExecutionOrderSort (0ms)
		DisableScriptedObjects (6ms)
		BackupInstance (0ms)
		ReleaseScriptingObjects (0ms)
		CreateAndSetChildDomain (31ms)
	RebuildCommonClasses (36ms)
	RebuildNativeTypeToScriptingClass (10ms)
	initialDomainReloadingComplete (24ms)
	LoadAllAssembliesAndSetupDomain (385ms)
		LoadAssemblies (199ms)
		RebuildTransferFunctionScriptingTraits (0ms)
		AnalyzeDomain (232ms)
			TypeCache.Refresh (228ms)
				TypeCache.ScanAssembly (219ms)
			ScanForSourceGeneratedMonoScriptInfo (0ms)
			ResolveRequiredComponents (4ms)
	FinalizeReload (648ms)
		ReleaseScriptCaches (0ms)
		RebuildScriptCaches (0ms)
		SetupLoadedEditorAssemblies (301ms)
			LogAssemblyErrors (0ms)
			InitializePlatformSupportModulesInManaged (5ms)
			SetLoadedEditorAssemblies (5ms)
			RefreshPlugins (0ms)
			BeforeProcessingInitializeOnLoad (52ms)
			ProcessInitializeOnLoadAttributes (217ms)
			ProcessInitializeOnLoadMethodAttributes (17ms)
			AfterProcessingInitializeOnLoad (5ms)
			EditorAssembliesLoaded (0ms)
		ExecutionOrderSort2 (0ms)
		AwakeInstancesAfterBackupRestoration (6ms)
Refreshing native plugins compatible for Editor in 3.23 ms, found 3 plugins.
Preloading 0 native plugins for Editor in 0.00 ms.
Unloading 3074 Unused Serialized files (Serialized files now loaded: 0)
Unloading 22 unused Assets / (30.7 KB). Loaded Objects now: 3636.
Memory consumption went from 135.7 MB to 135.6 MB.
Total: 4.733300 ms (FindLiveObjects: 0.592100 ms CreateObjectMapping: 0.335500 ms MarkObjects: 3.678500 ms  DeleteObjects: 0.124900 ms)

Prepare: number of updated asset objects reloaded= 0
AssetImportParameters requested are different than current active one (requested -> active):
  custom:scripting/monoscript/fileName/DepthOfFieldDeprecated.cs: 8700a90d2d763e9c01f08a0cd128cca8 -> 
  custom:scripting/monoscript/fileName/CameraMotionBlur.cs: 458c2b6f90eeea041921d89083a79e55 -> 
  custom:scripting/monoscript/fileName/ColorCorrectionLookupEditor.cs: a2fb9e7138550e9aa0e0de2d21737d42 -> 
  custom:scripting/monoscript/fileName/TiltShift.cs: 13ff1d7342528fc14a2e194c2bdc09fb -> 
  custom:container-demuxer-ogg: 62fdf1f143b41e24485cea50d1cbac27 -> 
  custom:scripting/monoscript/fileName/ScreenSpaceAmbientOcclusion.cs: 42eb6963a5f738a978938eb937f58d78 -> 
  custom:scripting/monoscript/fileName/DepthOfFieldEditor.cs: a3868cd4e6c6aec7c31ee3ed2b09abe8 -> 
  custom:video-codec-MediaFoundation-h265: 746d11721c4dcdbdad8f713fa42b33f4 -> 
  custom:scripting/monoscript/fileName/NoiseAndGrainEditor.cs: 0276e69b6de7374aa913d893485a004e -> 
  custom:video-decoder-ogg-theora: a1e56fd34408186e4bbccfd4996cb3dc -> 
  custom:scripting/monoscript/fileName/SunShafts.cs: abee30526487200fa16387df850e7daf -> 
  custom:scripting/monoscript/fileName/MotionBlur.cs: 7d52f2ac2c90424481a38c8ec7edb91c -> 
  custom:framework-win-MediaFoundation: 216162199b28c13a410421893ffa2e32 -> 
  custom:scripting/monoscript/fileName/Grayscale.cs: 87671e23fd2948061f63e16eb704f3a3 -> 
  custom:scripting/monoscript/fileName/BlurOptimized.cs: a99dff34286593c12b0fab92e7c0da68 -> 
  custom:scripting/monoscript/fileName/CameraMotionBlurEditor.cs: 7c502cd6630e6f5609abadb3991d9ab2 -> 
  custom:scripting/monoscript/fileName/Quads.cs: 2f24050aded65dda899533ba7849a43c -> 
  custom:scripting/monoscript/fileName/Blur.cs: 16b33e375f19895ec61239c77165934f -> 
  custom:scripting/monoscript/fileName/DepthOfFieldDeprecatedEditor.cs: 9c0d6ba6950f727fa7ed1bfef973ec32 -> 
  custom:scripting/monoscript/fileName/ImageEffects.cs: fc49fae855f2f50655b411c31423a73d -> 
  custom:scripting/monoscript/fileName/PostEffectsBase.cs: 6aabc5a6e1a831a9196622d2796540be -> 
  custom:scripting/monoscript/fileName/ExtinguishableFire.cs: 6fc079e965f07121ccb01d97432a83e7 -> 
  custom:scripting/monoscript/fileName/ColorCorrectionLookup.cs: cdade6b297f1c116727fa6035591313f -> 
  custom:container-demuxer-webm: 4f35f7cbe854078d1ac9338744f61a02 -> 
  custom:scripting/monoscript/fileName/Triangles.cs: 64f7a3839fbac059155d5ec1d8597e9c -> 
  custom:scripting/monoscript/fileName/SunShaftsEditor.cs: 14ff19bb08f48e5592630a8ef09a85a4 -> 
  custom:scripting/monoscript/fileName/ContrastStretch.cs: 606dc0496a32ea6e71f97dc962793c28 -> 
  custom:scripting/monoscript/fileName/GunAim.cs: a359bcb45b8a9070343cabc49c6d6c12 -> 
  custom:scripting/monoscript/fileName/ParticleMenu.cs: 701aa12128b01c89a035dcec7c7d7504 -> 
  custom:scripting/monoscript/fileName/EdgeDetectionEditor.cs: 4cca3302e9c064dba4f706ba0e5d7102 -> 
  custom:container-muxer-webm: aa71ff27fc2769a1b78a27578f13a17b -> 
  custom:scripting/monoscript/fileName/ContrastEnhance.cs: 25207a33818c5454fd86fad73189b2cd -> 
  custom:scripting/monoscript/fileName/ParticleCollision.cs: 71b71ac2cffa6bd7fb708664d6afc389 -> 
  custom:video-decoder-webm-vp8: 9c59270c3fd7afecdb556c50c9e8de78 -> 
  custom:scripting/monoscript/fileName/GunShoot.cs: 88c772e3426422d2042c20de5e9fd7a7 -> 
  custom:scripting/monoscript/fileName/PostEffectsHelper.cs: 5b0aade5ee85030099a328bfa56e17eb -> 
  custom:AudioImporter_EditorPlatform: d09bf68614088b80899f8185d706f6e7 -> 
  custom:scripting/monoscript/fileName/CreaseShading.cs: 5b17bf81bff982a9605309492401c574 -> 
  custom:scripting/monoscript/fileName/AntialiasingEditor.cs: cd1db322c4d4bac3e0fdd7740cc772c6 -> 
  custom:scripting/monoscript/fileName/Antialiasing.cs: bec6c7367bf7f3b527b25907b25d4102 -> 
  custom:scripting/monoscript/fileName/SepiaTone.cs: 67c7b044a145b042dba91a1a8d54f9f4 -> 
  custom:scripting/monoscript/fileName/ImageEffectBase.cs: 6d460e3d17a4175e44411c6923e62aed -> 
  custom:scripting/monoscript/fileName/NoiseAndGrain.cs: f4f7112c95c7474ffaf494b422803169 -> 
  custom:scripting/monoscript/fileName/BloomAndFlaresEditor.cs: 1f9e796d927ffcd86ccbfad6ec7007d5 -> 
  custom:scripting/monoscript/fileName/ScreenSpaceAmbientObscurance.cs: 958d0bf4e6842d24e3147fb5da01010e -> 
  custom:scripting/monoscript/fileName/CreaseShadingEditor.cs: 10fe90e5375fc621d9f19b702723dc86 -> 
  custom:scripting/monoscript/fileName/Fisheye.cs: ad168996bfc8fa7824e22ed9b5548fe9 -> 
  custom:scripting/monoscript/fileName/Twirl.cs: 13260c2451d9e72af8c2f232859ba959 -> 
  custom:scripting/monoscript/fileName/ScreenOverlay.cs: 8b6e368a4e3d0df848783015d0ee2b1e -> 
  custom:video-encoder-webm-vp8: eb34c28f22e8b96e1ab97ce403110664 -> 
  custom:scripting/monoscript/fileName/DecalDestroyer.cs: decd07b35d36ed7e38fde9c92f7048ba -> 
  custom:scripting/monoscript/fileName/Bloom.cs: 33cd4fe5846ab030762c2d9a63dce329 -> 
  custom:audio-decoder-ogg-vorbis: bf7c407c2cedff20999df2af8eb42d56 -> 
  custom:scripting/monoscript/fileName/Vortex.cs: d2f7738ed789b7a977f000ffd0cf8890 -> 
  custom:scripting/monoscript/fileName/ColorCorrectionCurvesEditor.cs: ba8c98b45b2e94f575e6b8aff77cc447 -> 
  custom:scripting/monoscript/fileName/TonemappingEditor.cs: edac4117593cd8c316e847cfa4a2c184 -> 
  custom:scripting/monoscript/fileName/ParticleExamples.cs: fa7f72e4810c68574ab637c94b215424 -> 
  custom:scripting/monoscript/fileName/DepthOfField.cs: d3ca753d15782e18ed3483b3a0afd175 -> 
  custom:scripting/monoscript/fileName/BloomEditor.cs: 43b3df46b7cb2255d2c1c8dbcafea8dc -> 
  custom:scripting/monoscript/fileName/VignetteAndChromaticAberrationEditor.cs: de7480822b02f6e7bbb6e752b450d6c9 -> 
  custom:scripting/monoscript/fileName/BloomOptimized.cs: deef391a4062215fa64b13290b34b1e5 -> 
  custom:scripting/monoscript/fileName/BloomAndFlares.cs: 8afb5ea14b913734370925506b923fb7 -> 
  custom:scripting/monoscript/fileName/VignetteAndChromaticAberration.cs: 6f7816e6c6a96eb38e8b34a3171a3d7a -> 
  custom:scripting/monoscript/fileName/GlobalFog.cs: cec4a166fe83b304dd694da080c37c22 -> 
  custom:audio-encoder-webm-vorbis: bf7c407c2cedff20999df2af8eb42d56 -> 
  custom:scripting/monoscript/fileName/Tonemapping.cs: c9f290b3ad74cc49f26aca1f0af02743 -> 
  custom:scripting/monoscript/fileName/EdgeDetection.cs: 7e270773de6bd808e57f1eb909c3207a -> 
  custom:scripting/monoscript/fileName/ColorCorrectionCurves.cs: 0fe9ce599982e40ac8aba010733d7bdc -> 
  custom:scripting/monoscript/fileName/ColorCorrectionRamp.cs: a7e8fab02fd9ee3f41f3660b4752114a -> 
  custom:scripting/monoscript/fileName/NoiseAndScratches.cs: e0c1886d5a6b335ec4861c2068c91d03 -> 
========================================================================
Received Prepare
Begin MonoManager ReloadAssembly
- Loaded All Assemblies, in  0.558 seconds
Refreshing native plugins compatible for Editor in 2.62 ms, found 3 plugins.
Native extension for WindowsStandalone target not found
Native extension for WebGL target not found
[Package Manager] Server::EnsureServerProcessIsRunning -- launch failed, reason: Unity was launched with the -noUpm command-line argument
[Package Manager] UpmClient::Send -- Unable to send message (not connected to UPM process).
[Package Manager] Cannot connect to Unity Package Manager local server
Mono: successfully reloaded assembly
- Finished resetting the current domain, in  0.652 seconds
Domain Reload Profiling: 1208ms
	BeginReloadAssembly (129ms)
		ExecutionOrderSort (0ms)
		DisableScriptedObjects (5ms)
		BackupInstance (0ms)
		ReleaseScriptingObjects (0ms)
		CreateAndSetChildDomain (45ms)
	RebuildCommonClasses (25ms)
	RebuildNativeTypeToScriptingClass (9ms)
	initialDomainReloadingComplete (22ms)
	LoadAllAssembliesAndSetupDomain (369ms)
		LoadAssemblies (189ms)
		RebuildTransferFunctionScriptingTraits (0ms)
		AnalyzeDomain (226ms)
			TypeCache.Refresh (223ms)
				TypeCache.ScanAssembly (213ms)
			ScanForSourceGeneratedMonoScriptInfo (0ms)
			ResolveRequiredComponents (3ms)
	FinalizeReload (653ms)
		ReleaseScriptCaches (0ms)
		RebuildScriptCaches (0ms)
		SetupLoadedEditorAssemblies (310ms)
			LogAssemblyErrors (0ms)
			InitializePlatformSupportModulesInManaged (5ms)
			SetLoadedEditorAssemblies (4ms)
			RefreshPlugins (0ms)
			BeforeProcessingInitializeOnLoad (59ms)
			ProcessInitializeOnLoadAttributes (223ms)
			ProcessInitializeOnLoadMethodAttributes (15ms)
			AfterProcessingInitializeOnLoad (4ms)
			EditorAssembliesLoaded (0ms)
		ExecutionOrderSort2 (0ms)
		AwakeInstancesAfterBackupRestoration (7ms)
Refreshing native plugins compatible for Editor in 2.89 ms, found 3 plugins.
Preloading 0 native plugins for Editor in 0.00 ms.
Unloading 3074 Unused Serialized files (Serialized files now loaded: 0)
Unloading 22 unused Assets / (30.6 KB). Loaded Objects now: 3639.
Memory consumption went from 135.7 MB to 135.6 MB.
Total: 4.039100 ms (FindLiveObjects: 0.476800 ms CreateObjectMapping: 0.099500 ms MarkObjects: 3.396700 ms  DeleteObjects: 0.064300 ms)

Prepare: number of updated asset objects reloaded= 0
AssetImportParameters requested are different than current active one (requested -> active):
  custom:scripting/monoscript/fileName/DepthOfFieldDeprecated.cs: 8700a90d2d763e9c01f08a0cd128cca8 -> 
  custom:scripting/monoscript/fileName/CameraMotionBlur.cs: 458c2b6f90eeea041921d89083a79e55 -> 
  custom:scripting/monoscript/fileName/ColorCorrectionLookupEditor.cs: a2fb9e7138550e9aa0e0de2d21737d42 -> 
  custom:scripting/monoscript/fileName/TiltShift.cs: 13ff1d7342528fc14a2e194c2bdc09fb -> 
  custom:container-demuxer-ogg: 62fdf1f143b41e24485cea50d1cbac27 -> 
  custom:scripting/monoscript/fileName/ScreenSpaceAmbientOcclusion.cs: 42eb6963a5f738a978938eb937f58d78 -> 
  custom:scripting/monoscript/fileName/DepthOfFieldEditor.cs: a3868cd4e6c6aec7c31ee3ed2b09abe8 -> 
  custom:video-codec-MediaFoundation-h265: 746d11721c4dcdbdad8f713fa42b33f4 -> 
  custom:scripting/monoscript/fileName/NoiseAndGrainEditor.cs: 0276e69b6de7374aa913d893485a004e -> 
  custom:video-decoder-ogg-theora: a1e56fd34408186e4bbccfd4996cb3dc -> 
  custom:scripting/monoscript/fileName/SunShafts.cs: abee30526487200fa16387df850e7daf -> 
  custom:scripting/monoscript/fileName/MotionBlur.cs: 7d52f2ac2c90424481a38c8ec7edb91c -> 
  custom:framework-win-MediaFoundation: 216162199b28c13a410421893ffa2e32 -> 
  custom:scripting/monoscript/fileName/Grayscale.cs: 87671e23fd2948061f63e16eb704f3a3 -> 
  custom:scripting/monoscript/fileName/BlurOptimized.cs: a99dff34286593c12b0fab92e7c0da68 -> 
  custom:scripting/monoscript/fileName/CameraMotionBlurEditor.cs: 7c502cd6630e6f5609abadb3991d9ab2 -> 
  custom:scripting/monoscript/fileName/Quads.cs: 2f24050aded65dda899533ba7849a43c -> 
  custom:scripting/monoscript/fileName/Blur.cs: 16b33e375f19895ec61239c77165934f -> 
  custom:scripting/monoscript/fileName/DepthOfFieldDeprecatedEditor.cs: 9c0d6ba6950f727fa7ed1bfef973ec32 -> 
  custom:scripting/monoscript/fileName/ImageEffects.cs: fc49fae855f2f50655b411c31423a73d -> 
  custom:scripting/monoscript/fileName/PostEffectsBase.cs: 6aabc5a6e1a831a9196622d2796540be -> 
  custom:scripting/monoscript/fileName/ExtinguishableFire.cs: 6fc079e965f07121ccb01d97432a83e7 -> 
  custom:scripting/monoscript/fileName/ColorCorrectionLookup.cs: cdade6b297f1c116727fa6035591313f -> 
  custom:container-demuxer-webm: 4f35f7cbe854078d1ac9338744f61a02 -> 
  custom:scripting/monoscript/fileName/Triangles.cs: 64f7a3839fbac059155d5ec1d8597e9c -> 
  custom:scripting/monoscript/fileName/SunShaftsEditor.cs: 14ff19bb08f48e5592630a8ef09a85a4 -> 
  custom:scripting/monoscript/fileName/ContrastStretch.cs: 606dc0496a32ea6e71f97dc962793c28 -> 
  custom:scripting/monoscript/fileName/GunAim.cs: a359bcb45b8a9070343cabc49c6d6c12 -> 
  custom:scripting/monoscript/fileName/ParticleMenu.cs: 701aa12128b01c89a035dcec7c7d7504 -> 
  custom:scripting/monoscript/fileName/EdgeDetectionEditor.cs: 4cca3302e9c064dba4f706ba0e5d7102 -> 
  custom:container-muxer-webm: aa71ff27fc2769a1b78a27578f13a17b -> 
  custom:scripting/monoscript/fileName/ContrastEnhance.cs: 25207a33818c5454fd86fad73189b2cd -> 
  custom:scripting/monoscript/fileName/ParticleCollision.cs: 71b71ac2cffa6bd7fb708664d6afc389 -> 
  custom:video-decoder-webm-vp8: 9c59270c3fd7afecdb556c50c9e8de78 -> 
  custom:scripting/monoscript/fileName/GunShoot.cs: 88c772e3426422d2042c20de5e9fd7a7 -> 
  custom:scripting/monoscript/fileName/PostEffectsHelper.cs: 5b0aade5ee85030099a328bfa56e17eb -> 
  custom:AudioImporter_EditorPlatform: d09bf68614088b80899f8185d706f6e7 -> 
  custom:scripting/monoscript/fileName/CreaseShading.cs: 5b17bf81bff982a9605309492401c574 -> 
  custom:scripting/monoscript/fileName/AntialiasingEditor.cs: cd1db322c4d4bac3e0fdd7740cc772c6 -> 
  custom:scripting/monoscript/fileName/Antialiasing.cs: bec6c7367bf7f3b527b25907b25d4102 -> 
  custom:scripting/monoscript/fileName/SepiaTone.cs: 67c7b044a145b042dba91a1a8d54f9f4 -> 
  custom:scripting/monoscript/fileName/ImageEffectBase.cs: 6d460e3d17a4175e44411c6923e62aed -> 
  custom:scripting/monoscript/fileName/NoiseAndGrain.cs: f4f7112c95c7474ffaf494b422803169 -> 
  custom:scripting/monoscript/fileName/BloomAndFlaresEditor.cs: 1f9e796d927ffcd86ccbfad6ec7007d5 -> 
  custom:scripting/monoscript/fileName/ScreenSpaceAmbientObscurance.cs: 958d0bf4e6842d24e3147fb5da01010e -> 
  custom:scripting/monoscript/fileName/CreaseShadingEditor.cs: 10fe90e5375fc621d9f19b702723dc86 -> 
  custom:scripting/monoscript/fileName/Fisheye.cs: ad168996bfc8fa7824e22ed9b5548fe9 -> 
  custom:scripting/monoscript/fileName/Twirl.cs: 13260c2451d9e72af8c2f232859ba959 -> 
  custom:scripting/monoscript/fileName/ScreenOverlay.cs: 8b6e368a4e3d0df848783015d0ee2b1e -> 
  custom:video-encoder-webm-vp8: eb34c28f22e8b96e1ab97ce403110664 -> 
  custom:scripting/monoscript/fileName/DecalDestroyer.cs: decd07b35d36ed7e38fde9c92f7048ba -> 
  custom:scripting/monoscript/fileName/Bloom.cs: 33cd4fe5846ab030762c2d9a63dce329 -> 
  custom:audio-decoder-ogg-vorbis: bf7c407c2cedff20999df2af8eb42d56 -> 
  custom:scripting/monoscript/fileName/Vortex.cs: d2f7738ed789b7a977f000ffd0cf8890 -> 
  custom:scripting/monoscript/fileName/ColorCorrectionCurvesEditor.cs: ba8c98b45b2e94f575e6b8aff77cc447 -> 
  custom:scripting/monoscript/fileName/TonemappingEditor.cs: edac4117593cd8c316e847cfa4a2c184 -> 
  custom:scripting/monoscript/fileName/ParticleExamples.cs: fa7f72e4810c68574ab637c94b215424 -> 
  custom:scripting/monoscript/fileName/DepthOfField.cs: d3ca753d15782e18ed3483b3a0afd175 -> 
  custom:scripting/monoscript/fileName/BloomEditor.cs: 43b3df46b7cb2255d2c1c8dbcafea8dc -> 
  custom:scripting/monoscript/fileName/VignetteAndChromaticAberrationEditor.cs: de7480822b02f6e7bbb6e752b450d6c9 -> 
  custom:scripting/monoscript/fileName/BloomOptimized.cs: deef391a4062215fa64b13290b34b1e5 -> 
  custom:scripting/monoscript/fileName/BloomAndFlares.cs: 8afb5ea14b913734370925506b923fb7 -> 
  custom:scripting/monoscript/fileName/VignetteAndChromaticAberration.cs: 6f7816e6c6a96eb38e8b34a3171a3d7a -> 
  custom:scripting/monoscript/fileName/GlobalFog.cs: cec4a166fe83b304dd694da080c37c22 -> 
  custom:audio-encoder-webm-vorbis: bf7c407c2cedff20999df2af8eb42d56 -> 
  custom:scripting/monoscript/fileName/Tonemapping.cs: c9f290b3ad74cc49f26aca1f0af02743 -> 
  custom:scripting/monoscript/fileName/EdgeDetection.cs: 7e270773de6bd808e57f1eb909c3207a -> 
  custom:scripting/monoscript/fileName/ColorCorrectionCurves.cs: 0fe9ce599982e40ac8aba010733d7bdc -> 
  custom:scripting/monoscript/fileName/ColorCorrectionRamp.cs: a7e8fab02fd9ee3f41f3660b4752114a -> 
  custom:scripting/monoscript/fileName/NoiseAndScratches.cs: e0c1886d5a6b335ec4861c2068c91d03 -> 
========================================================================
Received Prepare
Begin MonoManager ReloadAssembly
- Loaded All Assemblies, in  0.592 seconds
Refreshing native plugins compatible for Editor in 2.28 ms, found 3 plugins.
Native extension for WindowsStandalone target not found
Native extension for WebGL target not found
[Package Manager] Server::EnsureServerProcessIsRunning -- launch failed, reason: Unity was launched with the -noUpm command-line argument
[Package Manager] UpmClient::Send -- Unable to send message (not connected to UPM process).
[Package Manager] Cannot connect to Unity Package Manager local server
Mono: successfully reloaded assembly
- Finished resetting the current domain, in  0.646 seconds
Domain Reload Profiling: 1237ms
	BeginReloadAssembly (129ms)
		ExecutionOrderSort (0ms)
		DisableScriptedObjects (5ms)
		BackupInstance (0ms)
		ReleaseScriptingObjects (0ms)
		CreateAndSetChildDomain (38ms)
	RebuildCommonClasses (24ms)
	RebuildNativeTypeToScriptingClass (9ms)
	initialDomainReloadingComplete (26ms)
	LoadAllAssembliesAndSetupDomain (402ms)
		LoadAssemblies (228ms)
		RebuildTransferFunctionScriptingTraits (0ms)
		AnalyzeDomain (222ms)
			TypeCache.Refresh (219ms)
				TypeCache.ScanAssembly (209ms)
			ScanForSourceGeneratedMonoScriptInfo (0ms)
			ResolveRequiredComponents (3ms)
	FinalizeReload (647ms)
		ReleaseScriptCaches (0ms)
		RebuildScriptCaches (0ms)
		SetupLoadedEditorAssemblies (298ms)
			LogAssemblyErrors (0ms)
			InitializePlatformSupportModulesInManaged (6ms)
			SetLoadedEditorAssemblies (5ms)
			RefreshPlugins (0ms)
			BeforeProcessingInitializeOnLoad (47ms)
			ProcessInitializeOnLoadAttributes (216ms)
			ProcessInitializeOnLoadMethodAttributes (19ms)
			AfterProcessingInitializeOnLoad (6ms)
			EditorAssembliesLoaded (0ms)
		ExecutionOrderSort2 (0ms)
		AwakeInstancesAfterBackupRestoration (9ms)
Refreshing native plugins compatible for Editor in 2.50 ms, found 3 plugins.
Preloading 0 native plugins for Editor in 0.00 ms.
Unloading 3074 Unused Serialized files (Serialized files now loaded: 0)
Unloading 22 unused Assets / (30.7 KB). Loaded Objects now: 3642.
Memory consumption went from 135.7 MB to 135.7 MB.
Total: 3.632800 ms (FindLiveObjects: 0.319600 ms CreateObjectMapping: 0.182500 ms MarkObjects: 2.962100 ms  DeleteObjects: 0.166500 ms)

Prepare: number of updated asset objects reloaded= 0
AssetImportParameters requested are different than current active one (requested -> active):
  custom:scripting/monoscript/fileName/DepthOfFieldDeprecated.cs: 8700a90d2d763e9c01f08a0cd128cca8 -> 
  custom:scripting/monoscript/fileName/CameraMotionBlur.cs: 458c2b6f90eeea041921d89083a79e55 -> 
  custom:scripting/monoscript/fileName/ColorCorrectionLookupEditor.cs: a2fb9e7138550e9aa0e0de2d21737d42 -> 
  custom:scripting/monoscript/fileName/TiltShift.cs: 13ff1d7342528fc14a2e194c2bdc09fb -> 
  custom:container-demuxer-ogg: 62fdf1f143b41e24485cea50d1cbac27 -> 
  custom:scripting/monoscript/fileName/ScreenSpaceAmbientOcclusion.cs: 42eb6963a5f738a978938eb937f58d78 -> 
  custom:scripting/monoscript/fileName/DepthOfFieldEditor.cs: a3868cd4e6c6aec7c31ee3ed2b09abe8 -> 
  custom:video-codec-MediaFoundation-h265: 746d11721c4dcdbdad8f713fa42b33f4 -> 
  custom:scripting/monoscript/fileName/NoiseAndGrainEditor.cs: 0276e69b6de7374aa913d893485a004e -> 
  custom:video-decoder-ogg-theora: a1e56fd34408186e4bbccfd4996cb3dc -> 
  custom:scripting/monoscript/fileName/SunShafts.cs: abee30526487200fa16387df850e7daf -> 
  custom:scripting/monoscript/fileName/MotionBlur.cs: 7d52f2ac2c90424481a38c8ec7edb91c -> 
  custom:framework-win-MediaFoundation: 216162199b28c13a410421893ffa2e32 -> 
  custom:scripting/monoscript/fileName/Grayscale.cs: 87671e23fd2948061f63e16eb704f3a3 -> 
  custom:scripting/monoscript/fileName/BlurOptimized.cs: a99dff34286593c12b0fab92e7c0da68 -> 
  custom:scripting/monoscript/fileName/CameraMotionBlurEditor.cs: 7c502cd6630e6f5609abadb3991d9ab2 -> 
  custom:scripting/monoscript/fileName/Quads.cs: 2f24050aded65dda899533ba7849a43c -> 
  custom:scripting/monoscript/fileName/Blur.cs: 16b33e375f19895ec61239c77165934f -> 
  custom:scripting/monoscript/fileName/DepthOfFieldDeprecatedEditor.cs: 9c0d6ba6950f727fa7ed1bfef973ec32 -> 
  custom:scripting/monoscript/fileName/ImageEffects.cs: fc49fae855f2f50655b411c31423a73d -> 
  custom:scripting/monoscript/fileName/PostEffectsBase.cs: 6aabc5a6e1a831a9196622d2796540be -> 
  custom:scripting/monoscript/fileName/ExtinguishableFire.cs: 6fc079e965f07121ccb01d97432a83e7 -> 
  custom:scripting/monoscript/fileName/ColorCorrectionLookup.cs: cdade6b297f1c116727fa6035591313f -> 
  custom:container-demuxer-webm: 4f35f7cbe854078d1ac9338744f61a02 -> 
  custom:scripting/monoscript/fileName/Triangles.cs: 64f7a3839fbac059155d5ec1d8597e9c -> 
  custom:scripting/monoscript/fileName/SunShaftsEditor.cs: 14ff19bb08f48e5592630a8ef09a85a4 -> 
  custom:scripting/monoscript/fileName/ContrastStretch.cs: 606dc0496a32ea6e71f97dc962793c28 -> 
  custom:scripting/monoscript/fileName/GunAim.cs: a359bcb45b8a9070343cabc49c6d6c12 -> 
  custom:scripting/monoscript/fileName/ParticleMenu.cs: 701aa12128b01c89a035dcec7c7d7504 -> 
  custom:scripting/monoscript/fileName/EdgeDetectionEditor.cs: 4cca3302e9c064dba4f706ba0e5d7102 -> 
  custom:container-muxer-webm: aa71ff27fc2769a1b78a27578f13a17b -> 
  custom:scripting/monoscript/fileName/ContrastEnhance.cs: 25207a33818c5454fd86fad73189b2cd -> 
  custom:scripting/monoscript/fileName/ParticleCollision.cs: 71b71ac2cffa6bd7fb708664d6afc389 -> 
  custom:video-decoder-webm-vp8: 9c59270c3fd7afecdb556c50c9e8de78 -> 
  custom:scripting/monoscript/fileName/GunShoot.cs: 88c772e3426422d2042c20de5e9fd7a7 -> 
  custom:scripting/monoscript/fileName/PostEffectsHelper.cs: 5b0aade5ee85030099a328bfa56e17eb -> 
  custom:AudioImporter_EditorPlatform: d09bf68614088b80899f8185d706f6e7 -> 
  custom:scripting/monoscript/fileName/CreaseShading.cs: 5b17bf81bff982a9605309492401c574 -> 
  custom:scripting/monoscript/fileName/AntialiasingEditor.cs: cd1db322c4d4bac3e0fdd7740cc772c6 -> 
  custom:scripting/monoscript/fileName/Antialiasing.cs: bec6c7367bf7f3b527b25907b25d4102 -> 
  custom:scripting/monoscript/fileName/SepiaTone.cs: 67c7b044a145b042dba91a1a8d54f9f4 -> 
  custom:scripting/monoscript/fileName/ImageEffectBase.cs: 6d460e3d17a4175e44411c6923e62aed -> 
  custom:scripting/monoscript/fileName/NoiseAndGrain.cs: f4f7112c95c7474ffaf494b422803169 -> 
  custom:scripting/monoscript/fileName/BloomAndFlaresEditor.cs: 1f9e796d927ffcd86ccbfad6ec7007d5 -> 
  custom:scripting/monoscript/fileName/ScreenSpaceAmbientObscurance.cs: 958d0bf4e6842d24e3147fb5da01010e -> 
  custom:scripting/monoscript/fileName/CreaseShadingEditor.cs: 10fe90e5375fc621d9f19b702723dc86 -> 
  custom:scripting/monoscript/fileName/Fisheye.cs: ad168996bfc8fa7824e22ed9b5548fe9 -> 
  custom:scripting/monoscript/fileName/Twirl.cs: 13260c2451d9e72af8c2f232859ba959 -> 
  custom:scripting/monoscript/fileName/ScreenOverlay.cs: 8b6e368a4e3d0df848783015d0ee2b1e -> 
  custom:video-encoder-webm-vp8: eb34c28f22e8b96e1ab97ce403110664 -> 
  custom:scripting/monoscript/fileName/DecalDestroyer.cs: decd07b35d36ed7e38fde9c92f7048ba -> 
  custom:scripting/monoscript/fileName/Bloom.cs: 33cd4fe5846ab030762c2d9a63dce329 -> 
  custom:audio-decoder-ogg-vorbis: bf7c407c2cedff20999df2af8eb42d56 -> 
  custom:scripting/monoscript/fileName/Vortex.cs: d2f7738ed789b7a977f000ffd0cf8890 -> 
  custom:scripting/monoscript/fileName/ColorCorrectionCurvesEditor.cs: ba8c98b45b2e94f575e6b8aff77cc447 -> 
  custom:scripting/monoscript/fileName/TonemappingEditor.cs: edac4117593cd8c316e847cfa4a2c184 -> 
  custom:scripting/monoscript/fileName/ParticleExamples.cs: fa7f72e4810c68574ab637c94b215424 -> 
  custom:scripting/monoscript/fileName/DepthOfField.cs: d3ca753d15782e18ed3483b3a0afd175 -> 
  custom:scripting/monoscript/fileName/BloomEditor.cs: 43b3df46b7cb2255d2c1c8dbcafea8dc -> 
  custom:scripting/monoscript/fileName/VignetteAndChromaticAberrationEditor.cs: de7480822b02f6e7bbb6e752b450d6c9 -> 
  custom:scripting/monoscript/fileName/BloomOptimized.cs: deef391a4062215fa64b13290b34b1e5 -> 
  custom:scripting/monoscript/fileName/BloomAndFlares.cs: 8afb5ea14b913734370925506b923fb7 -> 
  custom:scripting/monoscript/fileName/VignetteAndChromaticAberration.cs: 6f7816e6c6a96eb38e8b34a3171a3d7a -> 
  custom:scripting/monoscript/fileName/GlobalFog.cs: cec4a166fe83b304dd694da080c37c22 -> 
  custom:audio-encoder-webm-vorbis: bf7c407c2cedff20999df2af8eb42d56 -> 
  custom:scripting/monoscript/fileName/Tonemapping.cs: c9f290b3ad74cc49f26aca1f0af02743 -> 
  custom:scripting/monoscript/fileName/EdgeDetection.cs: 7e270773de6bd808e57f1eb909c3207a -> 
  custom:scripting/monoscript/fileName/ColorCorrectionCurves.cs: 0fe9ce599982e40ac8aba010733d7bdc -> 
  custom:scripting/monoscript/fileName/ColorCorrectionRamp.cs: a7e8fab02fd9ee3f41f3660b4752114a -> 
  custom:scripting/monoscript/fileName/NoiseAndScratches.cs: e0c1886d5a6b335ec4861c2068c91d03 -> 
========================================================================
Received Import Request.
  Time since last request: 943.473964 seconds.
  path: Assets/Objects/Apartment_Building/Textures/apartment_building_N.png
  artifactKey: Guid(193e763e64e703e45ad7ea5d8d6d97db) Importer(815301076,1909f56bfc062723c751e8b465ee728b)
Start importing Assets/Objects/Apartment_Building/Textures/apartment_building_N.png using Guid(193e763e64e703e45ad7ea5d8d6d97db) Importer(815301076,1909f56bfc062723c751e8b465ee728b)  -> (artifact id: '583dc3728486f47a3d65c9689c8101ab') in 0.069371 seconds
Number of updated asset objects reloaded before import = 0
Number of asset objects unloaded after import = 2
========================================================================
Received Import Request.
  Time since last request: 10.911135 seconds.
  path: Assets/Objects/FencesPack/Textures/Albedo/Diffuse.png
  artifactKey: Guid(5019dbd8b6333c047bd36fe3e37e629b) Importer(815301076,1909f56bfc062723c751e8b465ee728b)
Start importing Assets/Objects/FencesPack/Textures/Albedo/Diffuse.png using Guid(5019dbd8b6333c047bd36fe3e37e629b) Importer(815301076,1909f56bfc062723c751e8b465ee728b)  -> (artifact id: 'e63edb25d5baf0e7be81b105b4c84d3b') in 0.012124 seconds
Number of updated asset objects reloaded before import = 0
Number of asset objects unloaded after import = 2
========================================================================
Received Import Request.
  Time since last request: 0.000015 seconds.
  path: Assets/Objects/FencesPack/Textures/Albedo/RadMetal_Diff.png
  artifactKey: Guid(7f78fe9b70e4ed443810add6f5fe3888) Importer(815301076,1909f56bfc062723c751e8b465ee728b)
Start importing Assets/Objects/FencesPack/Textures/Albedo/RadMetal_Diff.png using Guid(7f78fe9b70e4ed443810add6f5fe3888) Importer(815301076,1909f56bfc062723c751e8b465ee728b)  -> (artifact id: '5f83b9501df30d48f47f5f9808e9b91b') in 0.014187 seconds
Number of updated asset objects reloaded before import = 0
Number of asset objects unloaded after import = 2
========================================================================
Received Import Request.
  Time since last request: 0.000013 seconds.
  path: Assets/Objects/FencesPack/Textures/Albedo/Wall_Concret_Diffuse.tif
  artifactKey: Guid(2a685e8fdbcd6254597711350f9ea8f7) Importer(815301076,1909f56bfc062723c751e8b465ee728b)
Start importing Assets/Objects/FencesPack/Textures/Albedo/Wall_Concret_Diffuse.tif using Guid(2a685e8fdbcd6254597711350f9ea8f7) Importer(815301076,1909f56bfc062723c751e8b465ee728b)  -> (artifact id: '8a3048dcf5abdee3fd685f282e0f2731') in 0.015168 seconds
Number of updated asset objects reloaded before import = 0
Number of asset objects unloaded after import = 2
========================================================================
Received Import Request.
  Time since last request: 0.000034 seconds.
  path: Assets/Objects/FencesPack/Textures/Albedo/Wall_Brick_Diffuse.tif
  artifactKey: Guid(add3e05fe01175d488628368e07a0cf5) Importer(815301076,1909f56bfc062723c751e8b465ee728b)
Start importing Assets/Objects/FencesPack/Textures/Albedo/Wall_Brick_Diffuse.tif using Guid(add3e05fe01175d488628368e07a0cf5) Importer(815301076,1909f56bfc062723c751e8b465ee728b)  -> (artifact id: '7d31429c5475a4333ac4366f69e9f073') in 0.016779 seconds
Number of updated asset objects reloaded before import = 0
Number of asset objects unloaded after import = 2
========================================================================
Received Import Request.
  Time since last request: 0.000020 seconds.
  path: Assets/Objects/FencesPack/Textures/Albedo/WoodDiffuse.tif
  artifactKey: Guid(a4a9b95187d1dc540951467a2db4f04b) Importer(815301076,1909f56bfc062723c751e8b465ee728b)
Start importing Assets/Objects/FencesPack/Textures/Albedo/WoodDiffuse.tif using Guid(a4a9b95187d1dc540951467a2db4f04b) Importer(815301076,1909f56bfc062723c751e8b465ee728b)  -> (artifact id: 'de3f36446fa1a95c4f3b7a550ae6c4b4') in 0.011753 seconds
Number of updated asset objects reloaded before import = 0
Number of asset objects unloaded after import = 2
========================================================================
Received Import Request.
  Time since last request: 0.000056 seconds.
  path: Assets/Objects/FencesPack/Textures/Albedo/MetaDiffuse.tif
  artifactKey: Guid(3f16a5509e8adad4ab38fcc554d8f7fc) Importer(815301076,1909f56bfc062723c751e8b465ee728b)
Start importing Assets/Objects/FencesPack/Textures/Albedo/MetaDiffuse.tif using Guid(3f16a5509e8adad4ab38fcc554d8f7fc) Importer(815301076,1909f56bfc062723c751e8b465ee728b)  -> (artifact id: '789b475cd79aad41ccb7c5b5413acd10') in 0.013622 seconds
Number of updated asset objects reloaded before import = 0
Number of asset objects unloaded after import = 2
========================================================================
Received Import Request.
  Time since last request: 0.000017 seconds.
  path: Assets/Objects/FencesPack/Textures/Albedo/Metal_Corroded_1K_albedo.tif
  artifactKey: Guid(7fb1b850c4b22904aa632cac53aa02e7) Importer(815301076,1909f56bfc062723c751e8b465ee728b)
Start importing Assets/Objects/FencesPack/Textures/Albedo/Metal_Corroded_1K_albedo.tif using Guid(7fb1b850c4b22904aa632cac53aa02e7) Importer(815301076,1909f56bfc062723c751e8b465ee728b)  -> (artifact id: 'e68c45e452665feb606fe774b602900d') in 0.012452 seconds
Number of updated asset objects reloaded before import = 0
Number of asset objects unloaded after import = 2
========================================================================
Received Import Request.
  Time since last request: 0.000017 seconds.
  path: Assets/Objects/FencesPack/Textures/Albedo/Wall_BrickSovietSilicateNew_2.15x2_1K_albedo 1.tif
  artifactKey: Guid(2c054be828714264e9b131d4576f0893) Importer(815301076,1909f56bfc062723c751e8b465ee728b)
Start importing Assets/Objects/FencesPack/Textures/Albedo/Wall_BrickSovietSilicateNew_2.15x2_1K_albedo 1.tif using Guid(2c054be828714264e9b131d4576f0893) Importer(815301076,1909f56bfc062723c751e8b465ee728b)  -> (artifact id: '964767e02be5646f671461e1d69bdc24') in 0.017211 seconds
Number of updated asset objects reloaded before import = 0
Number of asset objects unloaded after import = 2
========================================================================
Received Import Request.
  Time since last request: 6.667917 seconds.
  path: Assets/Objects/FencesPack/Textures/Heighr Map/DisplacementGrayMetal.tif
  artifactKey: Guid(3b1dedcf2a70e604ebd59fcccef439b9) Importer(815301076,1909f56bfc062723c751e8b465ee728b)
Start importing Assets/Objects/FencesPack/Textures/Heighr Map/DisplacementGrayMetal.tif using Guid(3b1dedcf2a70e604ebd59fcccef439b9) Importer(815301076,1909f56bfc062723c751e8b465ee728b)  -> (artifact id: 'ad6a05ce0a6c7b3abf9849bb4c8123fe') in 0.029996 seconds
Number of updated asset objects reloaded before import = 0
Number of asset objects unloaded after import = 2
========================================================================
Received Import Request.
  Time since last request: 0.000018 seconds.
  path: Assets/Objects/FencesPack/Textures/Heighr Map/Wall_Brick_height.tif
  artifactKey: Guid(7f7dd768792e4cb4f947401358bc08bb) Importer(815301076,1909f56bfc062723c751e8b465ee728b)
Start importing Assets/Objects/FencesPack/Textures/Heighr Map/Wall_Brick_height.tif using Guid(7f7dd768792e4cb4f947401358bc08bb) Importer(815301076,1909f56bfc062723c751e8b465ee728b)  -> (artifact id: 'cdb65ae9f7f7becbd690ed1f91bf2072') in 0.016321 seconds
Number of updated asset objects reloaded before import = 0
Number of asset objects unloaded after import = 2
========================================================================
Received Import Request.
  Time since last request: 0.000018 seconds.
  path: Assets/Objects/FencesPack/Textures/Heighr Map/Wall_Concret_height.tif
  artifactKey: Guid(ce6d914386ecea046a1c423623a05126) Importer(815301076,1909f56bfc062723c751e8b465ee728b)
Start importing Assets/Objects/FencesPack/Textures/Heighr Map/Wall_Concret_height.tif using Guid(ce6d914386ecea046a1c423623a05126) Importer(815301076,1909f56bfc062723c751e8b465ee728b)  -> (artifact id: '223d3c4c6aef07c63919d6dc118d1cd6') in 0.011337 seconds
Number of updated asset objects reloaded before import = 0
Number of asset objects unloaded after import = 2
========================================================================
Received Import Request.
  Time since last request: 0.000019 seconds.
  path: Assets/Objects/FencesPack/Textures/Heighr Map/DisplacementRedMetal.tif
  artifactKey: Guid(da5404c35ca2aed43ad474b53cbdbacd) Importer(815301076,1909f56bfc062723c751e8b465ee728b)
Start importing Assets/Objects/FencesPack/Textures/Heighr Map/DisplacementRedMetal.tif using Guid(da5404c35ca2aed43ad474b53cbdbacd) Importer(815301076,1909f56bfc062723c751e8b465ee728b)  -> (artifact id: 'f0a1d87c3c658754c9e9d5fde158262f') in 0.017062 seconds
Number of updated asset objects reloaded before import = 0
Number of asset objects unloaded after import = 2
========================================================================
Received Import Request.
  Time since last request: 1.729861 seconds.
  path: Assets/Objects/FencesPack/Textures/normal maps/MetalNormal.tif
  artifactKey: Guid(bfc311f63b9e63e4aac62c870d143e9e) Importer(815301076,1909f56bfc062723c751e8b465ee728b)
Start importing Assets/Objects/FencesPack/Textures/normal maps/MetalNormal.tif using Guid(bfc311f63b9e63e4aac62c870d143e9e) Importer(815301076,1909f56bfc062723c751e8b465ee728b)  -> (artifact id: '6a54053398906e374733b595dc5c8d77') in 0.025030 seconds
Number of updated asset objects reloaded before import = 0
Number of asset objects unloaded after import = 2
========================================================================
Received Import Request.
  Time since last request: 0.000019 seconds.
  path: Assets/Objects/FencesPack/Textures/normal maps/Paint_Ruste_normal.tif
  artifactKey: Guid(d6ee698067f07bb42a5963e386c9e574) Importer(815301076,1909f56bfc062723c751e8b465ee728b)
Start importing Assets/Objects/FencesPack/Textures/normal maps/Paint_Ruste_normal.tif using Guid(d6ee698067f07bb42a5963e386c9e574) Importer(815301076,1909f56bfc062723c751e8b465ee728b)  -> (artifact id: 'be2c7449040b40bf1c67913e4a5d0a62') in 0.015130 seconds
Number of updated asset objects reloaded before import = 0
Number of asset objects unloaded after import = 2
========================================================================
Received Import Request.
  Time since last request: 0.000016 seconds.
  path: Assets/Objects/FencesPack/Textures/normal maps/Wall_Brick_normal.tif
  artifactKey: Guid(f41f73b75022ff54eb5c0b26c2bcf499) Importer(815301076,1909f56bfc062723c751e8b465ee728b)
Start importing Assets/Objects/FencesPack/Textures/normal maps/Wall_Brick_normal.tif using Guid(f41f73b75022ff54eb5c0b26c2bcf499) Importer(815301076,1909f56bfc062723c751e8b465ee728b)  -> (artifact id: '152892e80457a50d439090c42b61d6ac') in 0.017240 seconds
Number of updated asset objects reloaded before import = 0
Number of asset objects unloaded after import = 2
========================================================================
Received Import Request.
  Time since last request: 0.000016 seconds.
  path: Assets/Objects/FencesPack/Textures/normal maps/Paint_Ruste_height.tif
  artifactKey: Guid(75b688bb008444d4c885fabd117fe51c) Importer(815301076,1909f56bfc062723c751e8b465ee728b)
Start importing Assets/Objects/FencesPack/Textures/normal maps/Paint_Ruste_height.tif using Guid(75b688bb008444d4c885fabd117fe51c) Importer(815301076,1909f56bfc062723c751e8b465ee728b)  -> (artifact id: '2093f7a37303e617b936ce4179592fe1') in 0.017297 seconds
Number of updated asset objects reloaded before import = 0
Number of asset objects unloaded after import = 2
========================================================================
Received Import Request.
  Time since last request: 0.000017 seconds.
  path: Assets/Objects/FencesPack/Textures/normal maps/normal.png
  artifactKey: Guid(c0330360456dc234d9203a6df4fa2339) Importer(815301076,1909f56bfc062723c751e8b465ee728b)
Start importing Assets/Objects/FencesPack/Textures/normal maps/normal.png using Guid(c0330360456dc234d9203a6df4fa2339) Importer(815301076,1909f56bfc062723c751e8b465ee728b)  -> (artifact id: '977f29d03ea6b0af8218c57b5023dcdc') in 0.016574 seconds
Number of updated asset objects reloaded before import = 0
Number of asset objects unloaded after import = 2
========================================================================
Received Import Request.
  Time since last request: 0.000017 seconds.
  path: Assets/Objects/FencesPack/Textures/normal maps/Wood_PlywoodPainted_normal.tif
  artifactKey: Guid(d9ee8ac79fbacc54f8d91026b832799f) Importer(815301076,1909f56bfc062723c751e8b465ee728b)
Start importing Assets/Objects/FencesPack/Textures/normal maps/Wood_PlywoodPainted_normal.tif using Guid(d9ee8ac79fbacc54f8d91026b832799f) Importer(815301076,1909f56bfc062723c751e8b465ee728b)  -> (artifact id: '658309091b9af39f0281dda84b7c5059') in 0.016330 seconds
Number of updated asset objects reloaded before import = 0
Number of asset objects unloaded after import = 2
========================================================================
Received Import Request.
  Time since last request: 1.947650 seconds.
  path: Assets/Objects/FencesPack/Textures/Occlusion/aoGrass.tif
  artifactKey: Guid(4d20733cd97fdb047b74689f325c61b2) Importer(815301076,1909f56bfc062723c751e8b465ee728b)
Start importing Assets/Objects/FencesPack/Textures/Occlusion/aoGrass.tif using Guid(4d20733cd97fdb047b74689f325c61b2) Importer(815301076,1909f56bfc062723c751e8b465ee728b)  -> (artifact id: 'b4983a9a004557132be63ce53226685c') in 0.011188 seconds
Number of updated asset objects reloaded before import = 0
Number of asset objects unloaded after import = 2
========================================================================
Received Import Request.
  Time since last request: 0.000013 seconds.
  path: Assets/Objects/FencesPack/Textures/Occlusion/AORedMetal.tif
  artifactKey: Guid(f55a22a80a38c4d45b45defbc4e40c16) Importer(815301076,1909f56bfc062723c751e8b465ee728b)
Start importing Assets/Objects/FencesPack/Textures/Occlusion/AORedMetal.tif using Guid(f55a22a80a38c4d45b45defbc4e40c16) Importer(815301076,1909f56bfc062723c751e8b465ee728b)  -> (artifact id: 'b61bf03fee0211e30b901064897aa491') in 0.012127 seconds
Number of updated asset objects reloaded before import = 0
Number of asset objects unloaded after import = 2
========================================================================
Received Import Request.
  Time since last request: 0.000015 seconds.
  path: Assets/Objects/FencesPack/Textures/Occlusion/Paint_Ruste_ao.tif
  artifactKey: Guid(adcee870e4a62c141929e4e963cdc9eb) Importer(815301076,1909f56bfc062723c751e8b465ee728b)
Start importing Assets/Objects/FencesPack/Textures/Occlusion/Paint_Ruste_ao.tif using Guid(adcee870e4a62c141929e4e963cdc9eb) Importer(815301076,1909f56bfc062723c751e8b465ee728b)  -> (artifact id: 'be9ff3ab37cb334d22000d733f26f34c') in 0.010908 seconds
Number of updated asset objects reloaded before import = 0
Number of asset objects unloaded after import = 2
========================================================================
Received Import Request.
  Time since last request: 0.000014 seconds.
  path: Assets/Objects/FencesPack/Textures/Occlusion/MetalAO.tif
  artifactKey: Guid(cf727d2e5d839dc42a9bb79fe2bf62d6) Importer(815301076,1909f56bfc062723c751e8b465ee728b)
Start importing Assets/Objects/FencesPack/Textures/Occlusion/MetalAO.tif using Guid(cf727d2e5d839dc42a9bb79fe2bf62d6) Importer(815301076,1909f56bfc062723c751e8b465ee728b)  -> (artifact id: 'c2a0397840ea1bf7c7262a4b925642d7') in 0.013592 seconds
Number of updated asset objects reloaded before import = 0
Number of asset objects unloaded after import = 2
========================================================================
Received Import Request.
  Time since last request: 0.000033 seconds.
  path: Assets/Objects/FencesPack/Textures/Occlusion/Wall_Brick_ao.tif
  artifactKey: Guid(e1581b1dbf792c5419dd5ded456a0159) Importer(815301076,1909f56bfc062723c751e8b465ee728b)
Start importing Assets/Objects/FencesPack/Textures/Occlusion/Wall_Brick_ao.tif using Guid(e1581b1dbf792c5419dd5ded456a0159) Importer(815301076,1909f56bfc062723c751e8b465ee728b)  -> (artifact id: '47467a0da40e2872aa33dd773e75479d') in 0.011443 seconds
Number of updated asset objects reloaded before import = 0
Number of asset objects unloaded after import = 2
========================================================================
Received Import Request.
  Time since last request: 3.662113 seconds.
  path: Assets/Objects/FencesPack/Textures/roughness/Paint_Ruste_roughness.tif
  artifactKey: Guid(a8e73a991af51d543877a69b98785abe) Importer(815301076,1909f56bfc062723c751e8b465ee728b)
Start importing Assets/Objects/FencesPack/Textures/roughness/Paint_Ruste_roughness.tif using Guid(a8e73a991af51d543877a69b98785abe) Importer(815301076,1909f56bfc062723c751e8b465ee728b)  -> (artifact id: '82bc088c3f3c1443d59ca1037061c565') in 0.012313 seconds
Number of updated asset objects reloaded before import = 0
Number of asset objects unloaded after import = 2
========================================================================
Received Import Request.
  Time since last request: 0.000019 seconds.
  path: Assets/Objects/FencesPack/Textures/roughness/TexturesCom_Concrete_Base8_2x2_1K_roughness.tif
  artifactKey: Guid(18b95141340eb8b489bc7e94fee1e4f9) Importer(815301076,1909f56bfc062723c751e8b465ee728b)
Start importing Assets/Objects/FencesPack/Textures/roughness/TexturesCom_Concrete_Base8_2x2_1K_roughness.tif using Guid(18b95141340eb8b489bc7e94fee1e4f9) Importer(815301076,1909f56bfc062723c751e8b465ee728b)  -> (artifact id: '98aeeb06813aaaf28fea0003af00a8cf') in 0.010355 seconds
Number of updated asset objects reloaded before import = 0
Number of asset objects unloaded after import = 2
========================================================================
Received Import Request.
  Time since last request: 0.000015 seconds.
  path: Assets/Objects/FencesPack/Textures/roughness/Wall_Concret_roughness.tif
  artifactKey: Guid(dfe097b963e4fb047bd5435c9b3c4947) Importer(815301076,1909f56bfc062723c751e8b465ee728b)
Start importing Assets/Objects/FencesPack/Textures/roughness/Wall_Concret_roughness.tif using Guid(dfe097b963e4fb047bd5435c9b3c4947) Importer(815301076,1909f56bfc062723c751e8b465ee728b)  -> (artifact id: '471f861aad1dd9b8b9739049520c5881') in 0.011005 seconds
Number of updated asset objects reloaded before import = 0
Number of asset objects unloaded after import = 2
========================================================================
Received Import Request.
  Time since last request: 3.256759 seconds.
  path: Assets/Objects/FencesPack/Materials/Concrete.mat
  artifactKey: Guid(11fbccbff90d91b46aaff20b9cd3a695) Importer(815301076,1909f56bfc062723c751e8b465ee728b)
Start importing Assets/Objects/FencesPack/Materials/Concrete.mat using Guid(11fbccbff90d91b46aaff20b9cd3a695) Importer(815301076,1909f56bfc062723c751e8b465ee728b)  -> (artifact id: '044b3546098a6cd953657546f0c0c748') in 0.059109 seconds
Number of updated asset objects reloaded before import = 0
Number of asset objects unloaded after import = 6
========================================================================
Received Import Request.
  Time since last request: 0.000015 seconds.
  path: Assets/Objects/FencesPack/Materials/MetalCoreOld.mat
  artifactKey: Guid(867c9c27d92cf3342bc6d6c3acc7511f) Importer(815301076,1909f56bfc062723c751e8b465ee728b)
Start importing Assets/Objects/FencesPack/Materials/MetalCoreOld.mat using Guid(867c9c27d92cf3342bc6d6c3acc7511f) Importer(815301076,1909f56bfc062723c751e8b465ee728b)  -> (artifact id: '81314aaf9493eae2839df21aa3765466') in 0.021771 seconds
Number of updated asset objects reloaded before import = 0
Number of asset objects unloaded after import = 5
========================================================================
Received Import Request.
  Time since last request: 0.000015 seconds.
  path: Assets/Objects/FencesPack/Materials/ConcreteOld.mat
  artifactKey: Guid(497e264877f93e54aaef6d9ad65d57c9) Importer(815301076,1909f56bfc062723c751e8b465ee728b)
Start importing Assets/Objects/FencesPack/Materials/ConcreteOld.mat using Guid(497e264877f93e54aaef6d9ad65d57c9) Importer(815301076,1909f56bfc062723c751e8b465ee728b)  -> (artifact id: 'b4cb5fb2556fad4501c7f8d6d22aa67c') in 0.020389 seconds
Number of updated asset objects reloaded before import = 0
Number of asset objects unloaded after import = 6
========================================================================
Received Import Request.
  Time since last request: 0.000013 seconds.
  path: Assets/Objects/FencesPack/Materials/MetalGray.mat
  artifactKey: Guid(309d54b9b3c7a6c4badb50ec6550789e) Importer(815301076,1909f56bfc062723c751e8b465ee728b)
Start importing Assets/Objects/FencesPack/Materials/MetalGray.mat using Guid(309d54b9b3c7a6c4badb50ec6550789e) Importer(815301076,1909f56bfc062723c751e8b465ee728b)  -> (artifact id: 'd6f6ffd2c662620758eda83110c93033') in 0.031212 seconds
Number of updated asset objects reloaded before import = 0
Number of asset objects unloaded after import = 6
========================================================================
Received Import Request.
  Time since last request: 0.000019 seconds.
  path: Assets/Objects/FencesPack/Materials/WoodBlue.mat
  artifactKey: Guid(326e7bda96f982542aad864c9f0110a0) Importer(815301076,1909f56bfc062723c751e8b465ee728b)
Start importing Assets/Objects/FencesPack/Materials/WoodBlue.mat using Guid(326e7bda96f982542aad864c9f0110a0) Importer(815301076,1909f56bfc062723c751e8b465ee728b)  -> (artifact id: '4527d0dfe8c0ba9414f6597859daccd9') in 0.018920 seconds
Number of updated asset objects reloaded before import = 0
Number of asset objects unloaded after import = 4
========================================================================
Received Import Request.
  Time since last request: 0.000044 seconds.
  path: Assets/Objects/FencesPack/Materials/MetalBlue.mat
  artifactKey: Guid(b9a9fdd0df9832f4e9ed44e58b62fe58) Importer(815301076,1909f56bfc062723c751e8b465ee728b)
Start importing Assets/Objects/FencesPack/Materials/MetalBlue.mat using Guid(b9a9fdd0df9832f4e9ed44e58b62fe58) Importer(815301076,1909f56bfc062723c751e8b465ee728b)  -> (artifact id: 'fbcdcc0b95d668d9faf3f3396f6cb33f') in 0.021498 seconds
Number of updated asset objects reloaded before import = 0
Number of asset objects unloaded after import = 5
========================================================================
Received Import Request.
  Time since last request: 0.000021 seconds.
  path: Assets/Objects/FencesPack/Materials/ForestGround.terrainlayer
  artifactKey: Guid(f3b79600d71843c4aad48aac16b8a6b2) Importer(815301076,1909f56bfc062723c751e8b465ee728b)
Start importing Assets/Objects/FencesPack/Materials/ForestGround.terrainlayer using Guid(f3b79600d71843c4aad48aac16b8a6b2) Importer(815301076,1909f56bfc062723c751e8b465ee728b)  -> (artifact id: 'efb11bef20b44ee4e5b50bb8478ed04a') in 0.023216 seconds
Number of updated asset objects reloaded before import = 0
Number of asset objects unloaded after import = 4
========================================================================
Received Import Request.
  Time since last request: 0.000016 seconds.
  path: Assets/Objects/FencesPack/Materials/MetalCore.mat
  artifactKey: Guid(8c15c09b710a5314dbff7905426596ba) Importer(815301076,1909f56bfc062723c751e8b465ee728b)
Start importing Assets/Objects/FencesPack/Materials/MetalCore.mat using Guid(8c15c09b710a5314dbff7905426596ba) Importer(815301076,1909f56bfc062723c751e8b465ee728b)  -> (artifact id: 'dd2de44547053749150713cca0382a82') in 0.020106 seconds
Number of updated asset objects reloaded before import = 0
Number of asset objects unloaded after import = 5
