Using pre-set license
Built from '2022.3/staging' branch; Version is '2022.3.3f1 (7cdc2969a641) revision 8182825'; Using compiler version '192829333'; Build Type 'Release'
OS: 'Windows 11  (10.0.22621) 64bit Core' Language: 'en' Physical Memory: 16125 MB
BatchMode: 1, IsHumanControllingUs: 0, StartBugReporterOnCrash: 0, Is64bit: 1, IsPro: 1

COMMAND LINE ARGUMENTS:
C:\Program Files\Unity 2022.3.3f1\Editor\Unity.exe
-adb2
-batchMode
-noUpm
-name
AssetImportWorker9
-projectPath
C:/Users/Ramazan/Documents/GitHub/UnityProject-Devil-Saga-Rebirth/Devil Saga Rebirth
-logFile
Logs/AssetImportWorker9.log
-srvPort
51620
Successfully changed project path to: C:/Users/Ramazan/Documents/GitHub/UnityProject-Devil-Saga-Rebirth/Devil Saga Rebirth
C:/Users/Ramazan/Documents/GitHub/UnityProject-Devil-Saga-Rebirth/Devil Saga Rebirth
[UnityMemory] Configuration Parameters - Can be set up in boot.config
    "memorysetup-bucket-allocator-granularity=16"
    "memorysetup-bucket-allocator-bucket-count=8"
    "memorysetup-bucket-allocator-block-size=33554432"
    "memorysetup-bucket-allocator-block-count=8"
    "memorysetup-main-allocator-block-size=16777216"
    "memorysetup-thread-allocator-block-size=16777216"
    "memorysetup-gfx-main-allocator-block-size=16777216"
    "memorysetup-gfx-thread-allocator-block-size=16777216"
    "memorysetup-cache-allocator-block-size=4194304"
    "memorysetup-typetree-allocator-block-size=2097152"
    "memorysetup-profiler-bucket-allocator-granularity=16"
    "memorysetup-profiler-bucket-allocator-bucket-count=8"
    "memorysetup-profiler-bucket-allocator-block-size=33554432"
    "memorysetup-profiler-bucket-allocator-block-count=8"
    "memorysetup-profiler-allocator-block-size=16777216"
    "memorysetup-profiler-editor-allocator-block-size=1048576"
    "memorysetup-temp-allocator-size-main=16777216"
    "memorysetup-job-temp-allocator-block-size=2097152"
    "memorysetup-job-temp-allocator-block-size-background=1048576"
    "memorysetup-job-temp-allocator-reduction-small-platforms=262144"
    "memorysetup-allocator-temp-initial-block-size-main=262144"
    "memorysetup-allocator-temp-initial-block-size-worker=262144"
    "memorysetup-temp-allocator-size-background-worker=32768"
    "memorysetup-temp-allocator-size-job-worker=262144"
    "memorysetup-temp-allocator-size-preload-manager=33554432"
    "memorysetup-temp-allocator-size-nav-mesh-worker=65536"
    "memorysetup-temp-allocator-size-audio-worker=65536"
    "memorysetup-temp-allocator-size-cloud-worker=32768"
    "memorysetup-temp-allocator-size-gi-baking-worker=262144"
    "memorysetup-temp-allocator-size-gfx=262144"
Player connection [19592] Host "[IP] 10.9.222.151 [Port] 0 [Flags] 2 [Guid] 4257288670 [EditorId] 4257288670 [Version] 1048832 [Id] WindowsEditor(7,Rama) [Debug] 1 [PackageName] WindowsEditor [ProjectName] Editor" joined multi-casting on [225.0.0.222:54997]...

Player connection [19592] Host "[IP] 10.9.222.151 [Port] 0 [Flags] 2 [Guid] 4257288670 [EditorId] 4257288670 [Version] 1048832 [Id] WindowsEditor(7,Rama) [Debug] 1 [PackageName] WindowsEditor [ProjectName] Editor" joined alternative multi-casting on [225.0.0.222:34997]...

Refreshing native plugins compatible for Editor in 5.42 ms, found 3 plugins.
Preloading 0 native plugins for Editor in 0.00 ms.
Initialize engine version: 2022.3.3f1 (7cdc2969a641)
[Subsystems] Discovering subsystems at path C:/Program Files/Unity 2022.3.3f1/Editor/Data/Resources/UnitySubsystems
[Subsystems] Discovering subsystems at path C:/Users/Ramazan/Documents/GitHub/UnityProject-Devil-Saga-Rebirth/Devil Saga Rebirth/Assets
GfxDevice: creating device client; threaded=0; jobified=0
Direct3D:
    Version:  Direct3D 11.0 [level 11.1]
    Renderer: NVIDIA GeForce RTX 3060 Laptop GPU (ID=0x2520)
    Vendor:   NVIDIA
    VRAM:     6009 MB
    Driver:   31.0.15.3742
Initialize mono
Mono path[0] = 'C:/Program Files/Unity 2022.3.3f1/Editor/Data/Managed'
Mono path[1] = 'C:/Program Files/Unity 2022.3.3f1/Editor/Data/MonoBleedingEdge/lib/mono/unityjit-win32'
Mono config path = 'C:/Program Files/Unity 2022.3.3f1/Editor/Data/MonoBleedingEdge/etc'
Using monoOptions --debugger-agent=transport=dt_socket,embedding=1,server=y,suspend=n,address=127.0.0.1:56940
Begin MonoManager ReloadAssembly
Registering precompiled unity dll's ...
Register platform support module: C:/Program Files/Unity 2022.3.3f1/Editor/Data/PlaybackEngines/WebGLSupport/UnityEditor.WebGL.Extensions.dll
Register platform support module: C:/Program Files/Unity 2022.3.3f1/Editor/Data/PlaybackEngines/WindowsStandaloneSupport/UnityEditor.WindowsStandalone.Extensions.dll
Registered in 0.004318 seconds.
- Loaded All Assemblies, in  0.239 seconds
Native extension for WindowsStandalone target not found
Native extension for WebGL target not found
Mono: successfully reloaded assembly
- Finished resetting the current domain, in  0.186 seconds
Domain Reload Profiling: 424ms
	BeginReloadAssembly (60ms)
		ExecutionOrderSort (0ms)
		DisableScriptedObjects (0ms)
		BackupInstance (0ms)
		ReleaseScriptingObjects (0ms)
		CreateAndSetChildDomain (1ms)
	RebuildCommonClasses (26ms)
	RebuildNativeTypeToScriptingClass (8ms)
	initialDomainReloadingComplete (40ms)
	LoadAllAssembliesAndSetupDomain (103ms)
		LoadAssemblies (59ms)
		RebuildTransferFunctionScriptingTraits (0ms)
		AnalyzeDomain (100ms)
			TypeCache.Refresh (99ms)
				TypeCache.ScanAssembly (90ms)
			ScanForSourceGeneratedMonoScriptInfo (0ms)
			ResolveRequiredComponents (0ms)
	FinalizeReload (186ms)
		ReleaseScriptCaches (0ms)
		RebuildScriptCaches (0ms)
		SetupLoadedEditorAssemblies (143ms)
			LogAssemblyErrors (0ms)
			InitializePlatformSupportModulesInManaged (7ms)
			SetLoadedEditorAssemblies (4ms)
			RefreshPlugins (0ms)
			BeforeProcessingInitializeOnLoad (1ms)
			ProcessInitializeOnLoadAttributes (98ms)
			ProcessInitializeOnLoadMethodAttributes (33ms)
			AfterProcessingInitializeOnLoad (0ms)
			EditorAssembliesLoaded (0ms)
		ExecutionOrderSort2 (0ms)
		AwakeInstancesAfterBackupRestoration (0ms)
========================================================================
Worker process is ready to serve import requests
Begin MonoManager ReloadAssembly
- Loaded All Assemblies, in  0.544 seconds
Refreshing native plugins compatible for Editor in 2.12 ms, found 3 plugins.
Native extension for WindowsStandalone target not found
Native extension for WebGL target not found
Package Manager log level set to [2]
[Package Manager] Server::EnsureServerProcessIsRunning -- launch failed, reason: Unity was launched with the -noUpm command-line argument
[Package Manager] UpmClient::Send -- Unable to send message (not connected to UPM process).
[Package Manager] Cannot connect to Unity Package Manager local server
Mono: successfully reloaded assembly
- Finished resetting the current domain, in  0.418 seconds
Domain Reload Profiling: 960ms
	BeginReloadAssembly (94ms)
		ExecutionOrderSort (0ms)
		DisableScriptedObjects (4ms)
		BackupInstance (0ms)
		ReleaseScriptingObjects (0ms)
		CreateAndSetChildDomain (17ms)
	RebuildCommonClasses (26ms)
	RebuildNativeTypeToScriptingClass (8ms)
	initialDomainReloadingComplete (33ms)
	LoadAllAssembliesAndSetupDomain (380ms)
		LoadAssemblies (183ms)
		RebuildTransferFunctionScriptingTraits (0ms)
		AnalyzeDomain (239ms)
			TypeCache.Refresh (224ms)
				TypeCache.ScanAssembly (215ms)
			ScanForSourceGeneratedMonoScriptInfo (12ms)
			ResolveRequiredComponents (3ms)
	FinalizeReload (418ms)
		ReleaseScriptCaches (0ms)
		RebuildScriptCaches (0ms)
		SetupLoadedEditorAssemblies (301ms)
			LogAssemblyErrors (0ms)
			InitializePlatformSupportModulesInManaged (5ms)
			SetLoadedEditorAssemblies (4ms)
			RefreshPlugins (0ms)
			BeforeProcessingInitializeOnLoad (45ms)
			ProcessInitializeOnLoadAttributes (229ms)
			ProcessInitializeOnLoadMethodAttributes (13ms)
			AfterProcessingInitializeOnLoad (4ms)
			EditorAssembliesLoaded (0ms)
		ExecutionOrderSort2 (0ms)
		AwakeInstancesAfterBackupRestoration (5ms)
Launched and connected shader compiler UnityShaderCompiler.exe after 0.03 seconds
Refreshing native plugins compatible for Editor in 2.07 ms, found 3 plugins.
Preloading 0 native plugins for Editor in 0.00 ms.
Unloading 3094 Unused Serialized files (Serialized files now loaded: 0)
Unloading 31 unused Assets / (56.9 KB). Loaded Objects now: 3589.
Memory consumption went from 135.6 MB to 135.5 MB.
Total: 2.515400 ms (FindLiveObjects: 0.206400 ms CreateObjectMapping: 0.105200 ms MarkObjects: 2.112800 ms  DeleteObjects: 0.090400 ms)

AssetImportParameters requested are different than current active one (requested -> active):
  custom:scripting/monoscript/fileName/DepthOfFieldDeprecated.cs: 8700a90d2d763e9c01f08a0cd128cca8 -> 
  custom:scripting/monoscript/fileName/CameraMotionBlur.cs: 458c2b6f90eeea041921d89083a79e55 -> 
  custom:scripting/monoscript/fileName/ColorCorrectionLookupEditor.cs: a2fb9e7138550e9aa0e0de2d21737d42 -> 
  custom:scripting/monoscript/fileName/TiltShift.cs: 13ff1d7342528fc14a2e194c2bdc09fb -> 
  custom:container-demuxer-ogg: 62fdf1f143b41e24485cea50d1cbac27 -> 
  custom:scripting/monoscript/fileName/ScreenSpaceAmbientOcclusion.cs: 42eb6963a5f738a978938eb937f58d78 -> 
  custom:scripting/monoscript/fileName/DepthOfFieldEditor.cs: a3868cd4e6c6aec7c31ee3ed2b09abe8 -> 
  custom:video-codec-MediaFoundation-h265: 746d11721c4dcdbdad8f713fa42b33f4 -> 
  custom:scripting/monoscript/fileName/NoiseAndGrainEditor.cs: 0276e69b6de7374aa913d893485a004e -> 
  custom:video-decoder-ogg-theora: a1e56fd34408186e4bbccfd4996cb3dc -> 
  custom:scripting/monoscript/fileName/SunShafts.cs: abee30526487200fa16387df850e7daf -> 
  custom:scripting/monoscript/fileName/MotionBlur.cs: 7d52f2ac2c90424481a38c8ec7edb91c -> 
  custom:framework-win-MediaFoundation: 216162199b28c13a410421893ffa2e32 -> 
  custom:scripting/monoscript/fileName/Grayscale.cs: 87671e23fd2948061f63e16eb704f3a3 -> 
  custom:scripting/monoscript/fileName/BlurOptimized.cs: a99dff34286593c12b0fab92e7c0da68 -> 
  custom:scripting/monoscript/fileName/CameraMotionBlurEditor.cs: 7c502cd6630e6f5609abadb3991d9ab2 -> 
  custom:scripting/monoscript/fileName/Quads.cs: 2f24050aded65dda899533ba7849a43c -> 
  custom:scripting/monoscript/fileName/Blur.cs: 16b33e375f19895ec61239c77165934f -> 
  custom:scripting/monoscript/fileName/DepthOfFieldDeprecatedEditor.cs: 9c0d6ba6950f727fa7ed1bfef973ec32 -> 
  custom:scripting/monoscript/fileName/ImageEffects.cs: fc49fae855f2f50655b411c31423a73d -> 
  custom:scripting/monoscript/fileName/PostEffectsBase.cs: 6aabc5a6e1a831a9196622d2796540be -> 
  custom:scripting/monoscript/fileName/ExtinguishableFire.cs: 6fc079e965f07121ccb01d97432a83e7 -> 
  custom:scripting/monoscript/fileName/ColorCorrectionLookup.cs: cdade6b297f1c116727fa6035591313f -> 
  custom:container-demuxer-webm: 4f35f7cbe854078d1ac9338744f61a02 -> 
  custom:scripting/monoscript/fileName/Triangles.cs: 64f7a3839fbac059155d5ec1d8597e9c -> 
  custom:scripting/monoscript/fileName/SunShaftsEditor.cs: 14ff19bb08f48e5592630a8ef09a85a4 -> 
  custom:scripting/monoscript/fileName/ContrastStretch.cs: 606dc0496a32ea6e71f97dc962793c28 -> 
  custom:scripting/monoscript/fileName/GunAim.cs: a359bcb45b8a9070343cabc49c6d6c12 -> 
  custom:scripting/monoscript/fileName/ParticleMenu.cs: 701aa12128b01c89a035dcec7c7d7504 -> 
  custom:scripting/monoscript/fileName/EdgeDetectionEditor.cs: 4cca3302e9c064dba4f706ba0e5d7102 -> 
  custom:container-muxer-webm: aa71ff27fc2769a1b78a27578f13a17b -> 
  custom:scripting/monoscript/fileName/ContrastEnhance.cs: 25207a33818c5454fd86fad73189b2cd -> 
  custom:scripting/monoscript/fileName/ParticleCollision.cs: 71b71ac2cffa6bd7fb708664d6afc389 -> 
  custom:video-decoder-webm-vp8: 9c59270c3fd7afecdb556c50c9e8de78 -> 
  custom:scripting/monoscript/fileName/GunShoot.cs: 88c772e3426422d2042c20de5e9fd7a7 -> 
  custom:scripting/monoscript/fileName/PostEffectsHelper.cs: 5b0aade5ee85030099a328bfa56e17eb -> 
  custom:AudioImporter_EditorPlatform: d09bf68614088b80899f8185d706f6e7 -> 
  custom:scripting/monoscript/fileName/CreaseShading.cs: 5b17bf81bff982a9605309492401c574 -> 
  custom:scripting/monoscript/fileName/AntialiasingEditor.cs: cd1db322c4d4bac3e0fdd7740cc772c6 -> 
  custom:scripting/monoscript/fileName/Antialiasing.cs: bec6c7367bf7f3b527b25907b25d4102 -> 
  custom:scripting/monoscript/fileName/SepiaTone.cs: 67c7b044a145b042dba91a1a8d54f9f4 -> 
  custom:scripting/monoscript/fileName/ImageEffectBase.cs: 6d460e3d17a4175e44411c6923e62aed -> 
  custom:scripting/monoscript/fileName/NoiseAndGrain.cs: f4f7112c95c7474ffaf494b422803169 -> 
  custom:scripting/monoscript/fileName/BloomAndFlaresEditor.cs: 1f9e796d927ffcd86ccbfad6ec7007d5 -> 
  custom:scripting/monoscript/fileName/ScreenSpaceAmbientObscurance.cs: 958d0bf4e6842d24e3147fb5da01010e -> 
  custom:scripting/monoscript/fileName/CreaseShadingEditor.cs: 10fe90e5375fc621d9f19b702723dc86 -> 
  custom:scripting/monoscript/fileName/Fisheye.cs: ad168996bfc8fa7824e22ed9b5548fe9 -> 
  custom:scripting/monoscript/fileName/Twirl.cs: 13260c2451d9e72af8c2f232859ba959 -> 
  custom:scripting/monoscript/fileName/ScreenOverlay.cs: 8b6e368a4e3d0df848783015d0ee2b1e -> 
  custom:video-encoder-webm-vp8: eb34c28f22e8b96e1ab97ce403110664 -> 
  custom:scripting/monoscript/fileName/DecalDestroyer.cs: decd07b35d36ed7e38fde9c92f7048ba -> 
  custom:scripting/monoscript/fileName/Bloom.cs: 33cd4fe5846ab030762c2d9a63dce329 -> 
  custom:audio-decoder-ogg-vorbis: bf7c407c2cedff20999df2af8eb42d56 -> 
  custom:scripting/monoscript/fileName/Vortex.cs: d2f7738ed789b7a977f000ffd0cf8890 -> 
  custom:scripting/monoscript/fileName/ColorCorrectionCurvesEditor.cs: ba8c98b45b2e94f575e6b8aff77cc447 -> 
  custom:scripting/monoscript/fileName/TonemappingEditor.cs: edac4117593cd8c316e847cfa4a2c184 -> 
  custom:scripting/monoscript/fileName/ParticleExamples.cs: fa7f72e4810c68574ab637c94b215424 -> 
  custom:scripting/monoscript/fileName/DepthOfField.cs: d3ca753d15782e18ed3483b3a0afd175 -> 
  custom:scripting/monoscript/fileName/BloomEditor.cs: 43b3df46b7cb2255d2c1c8dbcafea8dc -> 
  custom:scripting/monoscript/fileName/VignetteAndChromaticAberrationEditor.cs: de7480822b02f6e7bbb6e752b450d6c9 -> 
  custom:scripting/monoscript/fileName/BloomOptimized.cs: deef391a4062215fa64b13290b34b1e5 -> 
  custom:scripting/monoscript/fileName/BloomAndFlares.cs: 8afb5ea14b913734370925506b923fb7 -> 
  custom:scripting/monoscript/fileName/VignetteAndChromaticAberration.cs: 6f7816e6c6a96eb38e8b34a3171a3d7a -> 
  custom:scripting/monoscript/fileName/GlobalFog.cs: cec4a166fe83b304dd694da080c37c22 -> 
  custom:audio-encoder-webm-vorbis: bf7c407c2cedff20999df2af8eb42d56 -> 
  custom:scripting/monoscript/fileName/Tonemapping.cs: c9f290b3ad74cc49f26aca1f0af02743 -> 
  custom:scripting/monoscript/fileName/EdgeDetection.cs: 7e270773de6bd808e57f1eb909c3207a -> 
  custom:scripting/monoscript/fileName/ColorCorrectionCurves.cs: 0fe9ce599982e40ac8aba010733d7bdc -> 
  custom:scripting/monoscript/fileName/ColorCorrectionRamp.cs: a7e8fab02fd9ee3f41f3660b4752114a -> 
  custom:scripting/monoscript/fileName/NoiseAndScratches.cs: e0c1886d5a6b335ec4861c2068c91d03 -> 
========================================================================
Received Import Request.
  Time since last request: 7757.129324 seconds.
  path: Assets/Objects/FencesPack/Prefabs/BrickWall1.prefab
  artifactKey: Guid(e7c16a06f82aeae498a1e2b1b963726e) Importer(815301076,1909f56bfc062723c751e8b465ee728b)
Start importing Assets/Objects/FencesPack/Prefabs/BrickWall1.prefab using Guid(e7c16a06f82aeae498a1e2b1b963726e) Importer(815301076,1909f56bfc062723c751e8b465ee728b)  -> (artifact id: '721644c31f00be589305a44f66ad00a9') in 0.144628 seconds
Number of updated asset objects reloaded before import = 0
Number of asset objects unloaded after import = 25
========================================================================
Received Import Request.
  Time since last request: 0.000021 seconds.
  path: Assets/Objects/FencesPack/Prefabs/MetalSheetRackBlue.prefab
  artifactKey: Guid(68a360e854e9bfc469170ff705961a7c) Importer(815301076,1909f56bfc062723c751e8b465ee728b)
Start importing Assets/Objects/FencesPack/Prefabs/MetalSheetRackBlue.prefab using Guid(68a360e854e9bfc469170ff705961a7c) Importer(815301076,1909f56bfc062723c751e8b465ee728b)  -> (artifact id: '18e71e2e70f20bc4980f934654c7ed0b') in 0.031856 seconds
Number of updated asset objects reloaded before import = 0
Number of asset objects unloaded after import = 28
========================================================================
Received Import Request.
  Time since last request: 0.000049 seconds.
  path: Assets/Objects/FencesPack/Prefabs/MeshFencePillar.prefab
  artifactKey: Guid(cd83c8163b09c374fb3ea0c253e57fbe) Importer(815301076,1909f56bfc062723c751e8b465ee728b)
Start importing Assets/Objects/FencesPack/Prefabs/MeshFencePillar.prefab using Guid(cd83c8163b09c374fb3ea0c253e57fbe) Importer(815301076,1909f56bfc062723c751e8b465ee728b)  -> (artifact id: '66eea264d9920fe48c66049d84197308') in 0.010834 seconds
Number of updated asset objects reloaded before import = 0
Number of asset objects unloaded after import = 14
========================================================================
Received Import Request.
  Time since last request: 0.000037 seconds.
  path: Assets/Objects/FencesPack/Prefabs/MetalSheetRackOld.prefab
  artifactKey: Guid(8e9131e583584f04f8472c9a3fb57152) Importer(815301076,1909f56bfc062723c751e8b465ee728b)
Start importing Assets/Objects/FencesPack/Prefabs/MetalSheetRackOld.prefab using Guid(8e9131e583584f04f8472c9a3fb57152) Importer(815301076,1909f56bfc062723c751e8b465ee728b)  -> (artifact id: 'cc68f2956466b495de72b8e1b8d97c09') in 0.019707 seconds
Number of updated asset objects reloaded before import = 0
Number of asset objects unloaded after import = 24
========================================================================
Received Import Request.
  Time since last request: 0.000034 seconds.
  path: Assets/Objects/FencesPack/Prefabs/ConcretePillar.prefab
  artifactKey: Guid(5dafe9fb207df0f46b6fb6fd62eeef94) Importer(815301076,1909f56bfc062723c751e8b465ee728b)
Start importing Assets/Objects/FencesPack/Prefabs/ConcretePillar.prefab using Guid(5dafe9fb207df0f46b6fb6fd62eeef94) Importer(815301076,1909f56bfc062723c751e8b465ee728b)  -> (artifact id: '7f1d3a6915c886af10f25a85e3eed3ec') in 0.011268 seconds
Number of updated asset objects reloaded before import = 0
Number of asset objects unloaded after import = 14
========================================================================
Received Import Request.
  Time since last request: 0.000021 seconds.
  path: Assets/Objects/FencesPack/Prefabs/ConcreteFance1.prefab
  artifactKey: Guid(4789a66a4bfe1a04f8ec617aa13f8e28) Importer(815301076,1909f56bfc062723c751e8b465ee728b)
Start importing Assets/Objects/FencesPack/Prefabs/ConcreteFance1.prefab using Guid(4789a66a4bfe1a04f8ec617aa13f8e28) Importer(815301076,1909f56bfc062723c751e8b465ee728b)  -> (artifact id: 'eeab50ce60fa1d14a08a10baf90c99f7') in 0.016452 seconds
Number of updated asset objects reloaded before import = 0
Number of asset objects unloaded after import = 34
========================================================================
Received Import Request.
  Time since last request: 35.620998 seconds.
  path: Assets/Objects/FencesPack/Prefabs/OldWoodPillar.prefab
  artifactKey: Guid(161e784eabf687a4598217971fb9a567) Importer(815301076,1909f56bfc062723c751e8b465ee728b)
Start importing Assets/Objects/FencesPack/Prefabs/OldWoodPillar.prefab using Guid(161e784eabf687a4598217971fb9a567) Importer(815301076,1909f56bfc062723c751e8b465ee728b)  -> (artifact id: '624c4acd4d8565a8cc96d431fe284076') in 0.016138 seconds
Number of updated asset objects reloaded before import = 0
Number of asset objects unloaded after import = 17
========================================================================
Received Import Request.
  Time since last request: 0.038748 seconds.
  path: Assets/Objects/FencesPack/Prefabs/PO2StandV2.prefab
  artifactKey: Guid(fe799f1b1a760d345af415e5e87205e2) Importer(815301076,1909f56bfc062723c751e8b465ee728b)
Start importing Assets/Objects/FencesPack/Prefabs/PO2StandV2.prefab using Guid(fe799f1b1a760d345af415e5e87205e2) Importer(815301076,1909f56bfc062723c751e8b465ee728b)  -> (artifact id: 'e424dce06f84afa6c70f6737e822862f') in 0.014217 seconds
Number of updated asset objects reloaded before import = 0
Number of asset objects unloaded after import = 32
========================================================================
Received Import Request.
  Time since last request: 0.000015 seconds.
  path: Assets/Objects/FencesPack/Prefabs/RoadBarrier.prefab
  artifactKey: Guid(7332b761240aced4bade4c46b8f57aeb) Importer(815301076,1909f56bfc062723c751e8b465ee728b)
Start importing Assets/Objects/FencesPack/Prefabs/RoadBarrier.prefab using Guid(7332b761240aced4bade4c46b8f57aeb) Importer(815301076,1909f56bfc062723c751e8b465ee728b)  -> (artifact id: 'ccc52076fabcfcca9406bc658decf091') in 0.014187 seconds
Number of updated asset objects reloaded before import = 0
Number of asset objects unloaded after import = 14
========================================================================
Received Import Request.
  Time since last request: 0.000030 seconds.
  path: Assets/Objects/FencesPack/Prefabs/WoodFencePillar.prefab
  artifactKey: Guid(84d4fbca7c5fff945b81d633ce9c84b3) Importer(815301076,1909f56bfc062723c751e8b465ee728b)
Start importing Assets/Objects/FencesPack/Prefabs/WoodFencePillar.prefab using Guid(84d4fbca7c5fff945b81d633ce9c84b3) Importer(815301076,1909f56bfc062723c751e8b465ee728b)  -> (artifact id: '878a8ea0fb131d4111acf306a530d1fe') in 0.011378 seconds
Number of updated asset objects reloaded before import = 0
Number of asset objects unloaded after import = 12
========================================================================
Received Import Request.
  Time since last request: 0.000018 seconds.
  path: Assets/Objects/FencesPack/Prefabs/WoodSharpFence.prefab
  artifactKey: Guid(7efe4dceef3587247b54b5501f1fb5ab) Importer(815301076,1909f56bfc062723c751e8b465ee728b)
Start importing Assets/Objects/FencesPack/Prefabs/WoodSharpFence.prefab using Guid(7efe4dceef3587247b54b5501f1fb5ab) Importer(815301076,1909f56bfc062723c751e8b465ee728b)  -> (artifact id: 'b639c3171ad6e5f2e9f1c63ff0d852aa') in 0.014252 seconds
Number of updated asset objects reloaded before import = 0
Number of asset objects unloaded after import = 12
========================================================================
Received Prepare
Begin MonoManager ReloadAssembly
- Loaded All Assemblies, in  0.569 seconds
Refreshing native plugins compatible for Editor in 2.20 ms, found 3 plugins.
Native extension for WindowsStandalone target not found
Native extension for WebGL target not found
[Package Manager] Server::EnsureServerProcessIsRunning -- launch failed, reason: Unity was launched with the -noUpm command-line argument
[Package Manager] UpmClient::Send -- Unable to send message (not connected to UPM process).
[Package Manager] Cannot connect to Unity Package Manager local server
Mono: successfully reloaded assembly
- Finished resetting the current domain, in  0.714 seconds
Domain Reload Profiling: 1280ms
	BeginReloadAssembly (124ms)
		ExecutionOrderSort (0ms)
		DisableScriptedObjects (4ms)
		BackupInstance (0ms)
		ReleaseScriptingObjects (0ms)
		CreateAndSetChildDomain (34ms)
	RebuildCommonClasses (27ms)
	RebuildNativeTypeToScriptingClass (10ms)
	initialDomainReloadingComplete (26ms)
	LoadAllAssembliesAndSetupDomain (380ms)
		LoadAssemblies (212ms)
		RebuildTransferFunctionScriptingTraits (0ms)
		AnalyzeDomain (220ms)
			TypeCache.Refresh (217ms)
				TypeCache.ScanAssembly (207ms)
			ScanForSourceGeneratedMonoScriptInfo (0ms)
			ResolveRequiredComponents (3ms)
	FinalizeReload (714ms)
		ReleaseScriptCaches (0ms)
		RebuildScriptCaches (0ms)
		SetupLoadedEditorAssemblies (328ms)
			LogAssemblyErrors (0ms)
			InitializePlatformSupportModulesInManaged (5ms)
			SetLoadedEditorAssemblies (5ms)
			RefreshPlugins (0ms)
			BeforeProcessingInitializeOnLoad (53ms)
			ProcessInitializeOnLoadAttributes (238ms)
			ProcessInitializeOnLoadMethodAttributes (21ms)
			AfterProcessingInitializeOnLoad (6ms)
			EditorAssembliesLoaded (0ms)
		ExecutionOrderSort2 (0ms)
		AwakeInstancesAfterBackupRestoration (7ms)
Refreshing native plugins compatible for Editor in 2.98 ms, found 3 plugins.
Preloading 0 native plugins for Editor in 0.00 ms.
Unloading 3073 Unused Serialized files (Serialized files now loaded: 0)
Unloading 22 unused Assets / (30.6 KB). Loaded Objects now: 3600.
Memory consumption went from 135.1 MB to 135.1 MB.
Total: 2.937700 ms (FindLiveObjects: 0.222100 ms CreateObjectMapping: 0.075600 ms MarkObjects: 2.552100 ms  DeleteObjects: 0.086200 ms)

Prepare: number of updated asset objects reloaded= 0
AssetImportParameters requested are different than current active one (requested -> active):
  custom:scripting/monoscript/fileName/DepthOfFieldDeprecated.cs: 8700a90d2d763e9c01f08a0cd128cca8 -> 
  custom:scripting/monoscript/fileName/CameraMotionBlur.cs: 458c2b6f90eeea041921d89083a79e55 -> 
  custom:scripting/monoscript/fileName/ColorCorrectionLookupEditor.cs: a2fb9e7138550e9aa0e0de2d21737d42 -> 
  custom:scripting/monoscript/fileName/TiltShift.cs: 13ff1d7342528fc14a2e194c2bdc09fb -> 
  custom:container-demuxer-ogg: 62fdf1f143b41e24485cea50d1cbac27 -> 
  custom:scripting/monoscript/fileName/ScreenSpaceAmbientOcclusion.cs: 42eb6963a5f738a978938eb937f58d78 -> 
  custom:scripting/monoscript/fileName/DepthOfFieldEditor.cs: a3868cd4e6c6aec7c31ee3ed2b09abe8 -> 
  custom:video-codec-MediaFoundation-h265: 746d11721c4dcdbdad8f713fa42b33f4 -> 
  custom:scripting/monoscript/fileName/NoiseAndGrainEditor.cs: 0276e69b6de7374aa913d893485a004e -> 
  custom:video-decoder-ogg-theora: a1e56fd34408186e4bbccfd4996cb3dc -> 
  custom:scripting/monoscript/fileName/SunShafts.cs: abee30526487200fa16387df850e7daf -> 
  custom:scripting/monoscript/fileName/MotionBlur.cs: 7d52f2ac2c90424481a38c8ec7edb91c -> 
  custom:framework-win-MediaFoundation: 216162199b28c13a410421893ffa2e32 -> 
  custom:scripting/monoscript/fileName/Grayscale.cs: 87671e23fd2948061f63e16eb704f3a3 -> 
  custom:scripting/monoscript/fileName/BlurOptimized.cs: a99dff34286593c12b0fab92e7c0da68 -> 
  custom:scripting/monoscript/fileName/CameraMotionBlurEditor.cs: 7c502cd6630e6f5609abadb3991d9ab2 -> 
  custom:scripting/monoscript/fileName/Quads.cs: 2f24050aded65dda899533ba7849a43c -> 
  custom:scripting/monoscript/fileName/Blur.cs: 16b33e375f19895ec61239c77165934f -> 
  custom:scripting/monoscript/fileName/DepthOfFieldDeprecatedEditor.cs: 9c0d6ba6950f727fa7ed1bfef973ec32 -> 
  custom:scripting/monoscript/fileName/ImageEffects.cs: fc49fae855f2f50655b411c31423a73d -> 
  custom:scripting/monoscript/fileName/PostEffectsBase.cs: 6aabc5a6e1a831a9196622d2796540be -> 
  custom:scripting/monoscript/fileName/ExtinguishableFire.cs: 6fc079e965f07121ccb01d97432a83e7 -> 
  custom:scripting/monoscript/fileName/ColorCorrectionLookup.cs: cdade6b297f1c116727fa6035591313f -> 
  custom:container-demuxer-webm: 4f35f7cbe854078d1ac9338744f61a02 -> 
  custom:scripting/monoscript/fileName/Triangles.cs: 64f7a3839fbac059155d5ec1d8597e9c -> 
  custom:scripting/monoscript/fileName/SunShaftsEditor.cs: 14ff19bb08f48e5592630a8ef09a85a4 -> 
  custom:scripting/monoscript/fileName/ContrastStretch.cs: 606dc0496a32ea6e71f97dc962793c28 -> 
  custom:scripting/monoscript/fileName/GunAim.cs: a359bcb45b8a9070343cabc49c6d6c12 -> 
  custom:scripting/monoscript/fileName/ParticleMenu.cs: 701aa12128b01c89a035dcec7c7d7504 -> 
  custom:scripting/monoscript/fileName/EdgeDetectionEditor.cs: 4cca3302e9c064dba4f706ba0e5d7102 -> 
  custom:container-muxer-webm: aa71ff27fc2769a1b78a27578f13a17b -> 
  custom:scripting/monoscript/fileName/ContrastEnhance.cs: 25207a33818c5454fd86fad73189b2cd -> 
  custom:scripting/monoscript/fileName/ParticleCollision.cs: 71b71ac2cffa6bd7fb708664d6afc389 -> 
  custom:video-decoder-webm-vp8: 9c59270c3fd7afecdb556c50c9e8de78 -> 
  custom:scripting/monoscript/fileName/GunShoot.cs: 88c772e3426422d2042c20de5e9fd7a7 -> 
  custom:scripting/monoscript/fileName/PostEffectsHelper.cs: 5b0aade5ee85030099a328bfa56e17eb -> 
  custom:AudioImporter_EditorPlatform: d09bf68614088b80899f8185d706f6e7 -> 
  custom:scripting/monoscript/fileName/CreaseShading.cs: 5b17bf81bff982a9605309492401c574 -> 
  custom:scripting/monoscript/fileName/AntialiasingEditor.cs: cd1db322c4d4bac3e0fdd7740cc772c6 -> 
  custom:scripting/monoscript/fileName/Antialiasing.cs: bec6c7367bf7f3b527b25907b25d4102 -> 
  custom:scripting/monoscript/fileName/SepiaTone.cs: 67c7b044a145b042dba91a1a8d54f9f4 -> 
  custom:scripting/monoscript/fileName/ImageEffectBase.cs: 6d460e3d17a4175e44411c6923e62aed -> 
  custom:scripting/monoscript/fileName/NoiseAndGrain.cs: f4f7112c95c7474ffaf494b422803169 -> 
  custom:scripting/monoscript/fileName/BloomAndFlaresEditor.cs: 1f9e796d927ffcd86ccbfad6ec7007d5 -> 
  custom:scripting/monoscript/fileName/ScreenSpaceAmbientObscurance.cs: 958d0bf4e6842d24e3147fb5da01010e -> 
  custom:scripting/monoscript/fileName/CreaseShadingEditor.cs: 10fe90e5375fc621d9f19b702723dc86 -> 
  custom:scripting/monoscript/fileName/Fisheye.cs: ad168996bfc8fa7824e22ed9b5548fe9 -> 
  custom:scripting/monoscript/fileName/Twirl.cs: 13260c2451d9e72af8c2f232859ba959 -> 
  custom:scripting/monoscript/fileName/ScreenOverlay.cs: 8b6e368a4e3d0df848783015d0ee2b1e -> 
  custom:video-encoder-webm-vp8: eb34c28f22e8b96e1ab97ce403110664 -> 
  custom:scripting/monoscript/fileName/DecalDestroyer.cs: decd07b35d36ed7e38fde9c92f7048ba -> 
  custom:scripting/monoscript/fileName/Bloom.cs: 33cd4fe5846ab030762c2d9a63dce329 -> 
  custom:audio-decoder-ogg-vorbis: bf7c407c2cedff20999df2af8eb42d56 -> 
  custom:scripting/monoscript/fileName/Vortex.cs: d2f7738ed789b7a977f000ffd0cf8890 -> 
  custom:scripting/monoscript/fileName/ColorCorrectionCurvesEditor.cs: ba8c98b45b2e94f575e6b8aff77cc447 -> 
  custom:scripting/monoscript/fileName/TonemappingEditor.cs: edac4117593cd8c316e847cfa4a2c184 -> 
  custom:scripting/monoscript/fileName/ParticleExamples.cs: fa7f72e4810c68574ab637c94b215424 -> 
  custom:scripting/monoscript/fileName/DepthOfField.cs: d3ca753d15782e18ed3483b3a0afd175 -> 
  custom:scripting/monoscript/fileName/BloomEditor.cs: 43b3df46b7cb2255d2c1c8dbcafea8dc -> 
  custom:scripting/monoscript/fileName/VignetteAndChromaticAberrationEditor.cs: de7480822b02f6e7bbb6e752b450d6c9 -> 
  custom:scripting/monoscript/fileName/BloomOptimized.cs: deef391a4062215fa64b13290b34b1e5 -> 
  custom:scripting/monoscript/fileName/BloomAndFlares.cs: 8afb5ea14b913734370925506b923fb7 -> 
  custom:scripting/monoscript/fileName/VignetteAndChromaticAberration.cs: 6f7816e6c6a96eb38e8b34a3171a3d7a -> 
  custom:scripting/monoscript/fileName/GlobalFog.cs: cec4a166fe83b304dd694da080c37c22 -> 
  custom:audio-encoder-webm-vorbis: bf7c407c2cedff20999df2af8eb42d56 -> 
  custom:scripting/monoscript/fileName/Tonemapping.cs: c9f290b3ad74cc49f26aca1f0af02743 -> 
  custom:scripting/monoscript/fileName/EdgeDetection.cs: 7e270773de6bd808e57f1eb909c3207a -> 
  custom:scripting/monoscript/fileName/ColorCorrectionCurves.cs: 0fe9ce599982e40ac8aba010733d7bdc -> 
  custom:scripting/monoscript/fileName/ColorCorrectionRamp.cs: a7e8fab02fd9ee3f41f3660b4752114a -> 
  custom:scripting/monoscript/fileName/NoiseAndScratches.cs: e0c1886d5a6b335ec4861c2068c91d03 -> 
========================================================================
Received Import Request.
  Time since last request: 716.539345 seconds.
  path: Assets/Objects/POLYGON city pack/Materials/Material_meshs/air conditioner wall.mat
  artifactKey: Guid(cb6d4b2eccab7624ea771ecdd72639d5) Importer(815301076,1909f56bfc062723c751e8b465ee728b)
Start importing Assets/Objects/POLYGON city pack/Materials/Material_meshs/air conditioner wall.mat using Guid(cb6d4b2eccab7624ea771ecdd72639d5) Importer(815301076,1909f56bfc062723c751e8b465ee728b)  -> (artifact id: 'da98fb30a58c276c3dc8a23ed85d2bdf') in 0.073962 seconds
Number of updated asset objects reloaded before import = 0
Number of asset objects unloaded after import = 2
========================================================================
Received Import Request.
  Time since last request: 0.000028 seconds.
  path: Assets/Objects/POLYGON city pack/Materials/Material_meshs/Bus stop.mat
  artifactKey: Guid(3f6967137a30c6445826d59009a080d0) Importer(815301076,1909f56bfc062723c751e8b465ee728b)
Start importing Assets/Objects/POLYGON city pack/Materials/Material_meshs/Bus stop.mat using Guid(3f6967137a30c6445826d59009a080d0) Importer(815301076,1909f56bfc062723c751e8b465ee728b)  -> (artifact id: '55fc56f666853e7642819ba1ecdd1d7a') in 0.030886 seconds
Number of updated asset objects reloaded before import = 0
Number of asset objects unloaded after import = 2
========================================================================
Received Import Request.
  Time since last request: 0.000014 seconds.
  path: Assets/Objects/POLYGON city pack/Materials/Material_meshs/BurgerSho_Sign.mat
  artifactKey: Guid(b3e3e670762d9c941b09bd6e7a5789f4) Importer(815301076,1909f56bfc062723c751e8b465ee728b)
Start importing Assets/Objects/POLYGON city pack/Materials/Material_meshs/BurgerSho_Sign.mat using Guid(b3e3e670762d9c941b09bd6e7a5789f4) Importer(815301076,1909f56bfc062723c751e8b465ee728b)  -> (artifact id: '7c005b436b418d0163906218b03a6a03') in 0.025542 seconds
Number of updated asset objects reloaded before import = 0
Number of asset objects unloaded after import = 2
========================================================================
Received Import Request.
  Time since last request: 0.000023 seconds.
  path: Assets/Objects/POLYGON city pack/Materials/Material_meshs/can cola 1.mat
  artifactKey: Guid(bd66ca35e99389249936c646dd06c138) Importer(815301076,1909f56bfc062723c751e8b465ee728b)
Start importing Assets/Objects/POLYGON city pack/Materials/Material_meshs/can cola 1.mat using Guid(bd66ca35e99389249936c646dd06c138) Importer(815301076,1909f56bfc062723c751e8b465ee728b)  -> (artifact id: '431372c1b16fed0685e6f81c7d471524') in 0.030498 seconds
Number of updated asset objects reloaded before import = 0
Number of asset objects unloaded after import = 2
========================================================================
Received Import Request.
  Time since last request: 0.000026 seconds.
  path: Assets/Objects/POLYGON city pack/Materials/Material_meshs/Bus stop texture.mat
  artifactKey: Guid(225547f2cacb8b54f8cd053f8da32e1a) Importer(815301076,1909f56bfc062723c751e8b465ee728b)
Start importing Assets/Objects/POLYGON city pack/Materials/Material_meshs/Bus stop texture.mat using Guid(225547f2cacb8b54f8cd053f8da32e1a) Importer(815301076,1909f56bfc062723c751e8b465ee728b)  -> (artifact id: 'f90223fd8f83940ffa75aa9bfd0433bf') in 0.023874 seconds
Number of updated asset objects reloaded before import = 0
Number of asset objects unloaded after import = 1
========================================================================
Received Import Request.
  Time since last request: 0.000015 seconds.
  path: Assets/Objects/POLYGON city pack/Materials/Material_meshs/Bus stop pole texture.mat
  artifactKey: Guid(e96d9e6034aaaaf48907b0c14fce898f) Importer(815301076,1909f56bfc062723c751e8b465ee728b)
Start importing Assets/Objects/POLYGON city pack/Materials/Material_meshs/Bus stop pole texture.mat using Guid(e96d9e6034aaaaf48907b0c14fce898f) Importer(815301076,1909f56bfc062723c751e8b465ee728b)  -> (artifact id: '876fda6c05c7e8ee6d63298299398c49') in 0.020376 seconds
Number of updated asset objects reloaded before import = 0
Number of asset objects unloaded after import = 2
========================================================================
Received Import Request.
  Time since last request: 0.000015 seconds.
  path: Assets/Objects/POLYGON city pack/Materials/Material_meshs/can_orange.mat
  artifactKey: Guid(afc9047e46e56694d945fae27db27d9d) Importer(815301076,1909f56bfc062723c751e8b465ee728b)
Start importing Assets/Objects/POLYGON city pack/Materials/Material_meshs/can_orange.mat using Guid(afc9047e46e56694d945fae27db27d9d) Importer(815301076,1909f56bfc062723c751e8b465ee728b)  -> (artifact id: '7c77587daf60fa37f4ec69fcbe9d1df6') in 0.025402 seconds
Number of updated asset objects reloaded before import = 0
Number of asset objects unloaded after import = 2
========================================================================
Received Import Request.
  Time since last request: 0.000016 seconds.
  path: Assets/Objects/POLYGON city pack/Materials/Material_meshs/Bus stop pole.mat
  artifactKey: Guid(dda55e9719313344faf5a78abe85264f) Importer(815301076,1909f56bfc062723c751e8b465ee728b)
Start importing Assets/Objects/POLYGON city pack/Materials/Material_meshs/Bus stop pole.mat using Guid(dda55e9719313344faf5a78abe85264f) Importer(815301076,1909f56bfc062723c751e8b465ee728b)  -> (artifact id: '45509a9a297b25e8ce442aa656233a81') in 0.013226 seconds
Number of updated asset objects reloaded before import = 0
Number of asset objects unloaded after import = 2
========================================================================
Received Import Request.
  Time since last request: 0.000015 seconds.
  path: Assets/Objects/POLYGON city pack/Materials/Material_meshs/Dirt.mat
  artifactKey: Guid(9b0509cf5979e03459b722142113657c) Importer(815301076,1909f56bfc062723c751e8b465ee728b)
Start importing Assets/Objects/POLYGON city pack/Materials/Material_meshs/Dirt.mat using Guid(9b0509cf5979e03459b722142113657c) Importer(815301076,1909f56bfc062723c751e8b465ee728b)  -> (artifact id: '698a4d1375547ef679f7dfe6d8c31f23') in 0.012890 seconds
Number of updated asset objects reloaded before import = 0
Number of asset objects unloaded after import = 2
========================================================================
Received Import Request.
  Time since last request: 0.000013 seconds.
  path: Assets/Objects/POLYGON city pack/Materials/Material_meshs/bench.mat
  artifactKey: Guid(0cfe2f16ddac5b04b8acda9e8f8cb3ee) Importer(815301076,1909f56bfc062723c751e8b465ee728b)
Start importing Assets/Objects/POLYGON city pack/Materials/Material_meshs/bench.mat using Guid(0cfe2f16ddac5b04b8acda9e8f8cb3ee) Importer(815301076,1909f56bfc062723c751e8b465ee728b)  -> (artifact id: '399520a9fbc1866f9fcb03909acaeec5') in 0.015272 seconds
Number of updated asset objects reloaded before import = 0
Number of asset objects unloaded after import = 2
========================================================================
Received Import Request.
  Time since last request: 0.000018 seconds.
  path: Assets/Objects/POLYGON city pack/Materials/Material_meshs/can_lemon.mat
  artifactKey: Guid(360f43e7e5fa9a744af7932cd721572b) Importer(815301076,1909f56bfc062723c751e8b465ee728b)
Start importing Assets/Objects/POLYGON city pack/Materials/Material_meshs/can_lemon.mat using Guid(360f43e7e5fa9a744af7932cd721572b) Importer(815301076,1909f56bfc062723c751e8b465ee728b)  -> (artifact id: '04247e9a336486cb740a1807a0562f61') in 0.017774 seconds
Number of updated asset objects reloaded before import = 0
Number of asset objects unloaded after import = 2
========================================================================
Received Import Request.
  Time since last request: 0.000025 seconds.
  path: Assets/Objects/POLYGON city pack/Materials/Material_meshs/ColaMachine.mat
  artifactKey: Guid(439eb576ca1364e47a9cda1cab72e5dd) Importer(815301076,1909f56bfc062723c751e8b465ee728b)
Start importing Assets/Objects/POLYGON city pack/Materials/Material_meshs/ColaMachine.mat using Guid(439eb576ca1364e47a9cda1cab72e5dd) Importer(815301076,1909f56bfc062723c751e8b465ee728b)  -> (artifact id: '6b88f2d1f0b0e93e654b5608b8666851') in 0.021949 seconds
Number of updated asset objects reloaded before import = 0
Number of asset objects unloaded after import = 1
========================================================================
Received Import Request.
  Time since last request: 0.000025 seconds.
  path: Assets/Objects/POLYGON city pack/Materials/Material_meshs/Bin.mat
  artifactKey: Guid(9bb4d7fbe560c91439bebb486de821e9) Importer(815301076,1909f56bfc062723c751e8b465ee728b)
Start importing Assets/Objects/POLYGON city pack/Materials/Material_meshs/Bin.mat using Guid(9bb4d7fbe560c91439bebb486de821e9) Importer(815301076,1909f56bfc062723c751e8b465ee728b)  -> (artifact id: '9c7fccbbb3b9d72ec43fd5bdee4fd7e0') in 0.011375 seconds
Number of updated asset objects reloaded before import = 0
Number of asset objects unloaded after import = 2
========================================================================
Received Import Request.
  Time since last request: 0.761541 seconds.
  path: Assets/Objects/POLYGON city pack/Materials/Material_meshs/electrcity box.mat
  artifactKey: Guid(6b57400658635bc4684faaf6448bddef) Importer(815301076,1909f56bfc062723c751e8b465ee728b)
Start importing Assets/Objects/POLYGON city pack/Materials/Material_meshs/electrcity box.mat using Guid(6b57400658635bc4684faaf6448bddef) Importer(815301076,1909f56bfc062723c751e8b465ee728b)  -> (artifact id: 'd20c9d7625df6ad6610b80cceafa5e71') in 0.010577 seconds
Number of updated asset objects reloaded before import = 0
Number of asset objects unloaded after import = 2
========================================================================
Received Import Request.
  Time since last request: 0.000015 seconds.
  path: Assets/Objects/POLYGON city pack/Materials/Material_meshs/Fence_B_2.mat
  artifactKey: Guid(829d8f03a87c1894e9faa0df4c536a08) Importer(815301076,1909f56bfc062723c751e8b465ee728b)
Start importing Assets/Objects/POLYGON city pack/Materials/Material_meshs/Fence_B_2.mat using Guid(829d8f03a87c1894e9faa0df4c536a08) Importer(815301076,1909f56bfc062723c751e8b465ee728b)  -> (artifact id: '8b857dc820d48663bc6e46b897176c78') in 0.014235 seconds
Number of updated asset objects reloaded before import = 0
Number of asset objects unloaded after import = 2
========================================================================
Received Import Request.
  Time since last request: 0.080627 seconds.
  path: Assets/Objects/POLYGON city pack/Materials/Material_meshs/flower 1 A.mat
  artifactKey: Guid(efa2ffc1b27c4ea44b60666ce2206332) Importer(815301076,1909f56bfc062723c751e8b465ee728b)
Start importing Assets/Objects/POLYGON city pack/Materials/Material_meshs/flower 1 A.mat using Guid(efa2ffc1b27c4ea44b60666ce2206332) Importer(815301076,1909f56bfc062723c751e8b465ee728b)  -> (artifact id: '355cca1a0f4e15d920a0e69e9d0ed190') in 0.010606 seconds
Number of updated asset objects reloaded before import = 0
Number of asset objects unloaded after import = 2
========================================================================
Received Import Request.
  Time since last request: 0.000017 seconds.
  path: Assets/Objects/POLYGON city pack/Materials/Material_meshs/flower 1 A 1.mat
  artifactKey: Guid(da16c8876ed8cdc4c8ab238d3c0bc186) Importer(815301076,1909f56bfc062723c751e8b465ee728b)
Start importing Assets/Objects/POLYGON city pack/Materials/Material_meshs/flower 1 A 1.mat using Guid(da16c8876ed8cdc4c8ab238d3c0bc186) Importer(815301076,1909f56bfc062723c751e8b465ee728b)  -> (artifact id: '978fa8053d0704769778d8fc3fdb3f6c') in 0.010982 seconds
Number of updated asset objects reloaded before import = 0
Number of asset objects unloaded after import = 2
========================================================================
Received Import Request.
  Time since last request: 0.032250 seconds.
  path: Assets/Objects/POLYGON city pack/Materials/Material_meshs/flower 1 A 4.mat
  artifactKey: Guid(f17c18bcf50050e4b932cbfdec2b84da) Importer(815301076,1909f56bfc062723c751e8b465ee728b)
Start importing Assets/Objects/POLYGON city pack/Materials/Material_meshs/flower 1 A 4.mat using Guid(f17c18bcf50050e4b932cbfdec2b84da) Importer(815301076,1909f56bfc062723c751e8b465ee728b)  -> (artifact id: 'c3dd4da30a098cff4e914f1975791073') in 0.010587 seconds
Number of updated asset objects reloaded before import = 0
Number of asset objects unloaded after import = 2
========================================================================
Received Import Request.
  Time since last request: 0.000018 seconds.
  path: Assets/Objects/POLYGON city pack/Materials/Material_meshs/flower 1 A 5.mat
  artifactKey: Guid(fe3efba54325ee4418eca1f7bdc1b3d2) Importer(815301076,1909f56bfc062723c751e8b465ee728b)
Start importing Assets/Objects/POLYGON city pack/Materials/Material_meshs/flower 1 A 5.mat using Guid(fe3efba54325ee4418eca1f7bdc1b3d2) Importer(815301076,1909f56bfc062723c751e8b465ee728b)  -> (artifact id: 'f1241766d1600fb52bed0b277a0b7d69') in 0.010678 seconds
Number of updated asset objects reloaded before import = 0
Number of asset objects unloaded after import = 2
========================================================================
Received Import Request.
  Time since last request: 0.295730 seconds.
  path: Assets/Objects/POLYGON city pack/Materials/Material_meshs/flower 2.mat
  artifactKey: Guid(48aacf39f53ce994b8b53de064f860e8) Importer(815301076,1909f56bfc062723c751e8b465ee728b)
Start importing Assets/Objects/POLYGON city pack/Materials/Material_meshs/flower 2.mat using Guid(48aacf39f53ce994b8b53de064f860e8) Importer(815301076,1909f56bfc062723c751e8b465ee728b)  -> (artifact id: '650ee48fe70ba9967246f86acf29e55c') in 0.011050 seconds
Number of updated asset objects reloaded before import = 0
Number of asset objects unloaded after import = 2
========================================================================
Received Import Request.
  Time since last request: 0.000013 seconds.
  path: Assets/Objects/POLYGON city pack/Materials/Material_meshs/gas pump.mat
  artifactKey: Guid(1f3aed826d0deb142ae61d35be7f4ff8) Importer(815301076,1909f56bfc062723c751e8b465ee728b)
Start importing Assets/Objects/POLYGON city pack/Materials/Material_meshs/gas pump.mat using Guid(1f3aed826d0deb142ae61d35be7f4ff8) Importer(815301076,1909f56bfc062723c751e8b465ee728b)  -> (artifact id: 'b85b2990339b7ca95f44bdcae958629c') in 0.011673 seconds
Number of updated asset objects reloaded before import = 0
Number of asset objects unloaded after import = 2
========================================================================
Received Import Request.
  Time since last request: 0.000017 seconds.
  path: Assets/Objects/POLYGON city pack/Materials/Material_meshs/grass.mat
  artifactKey: Guid(9904cd0f6245e884999431c0bdf22fef) Importer(815301076,1909f56bfc062723c751e8b465ee728b)
Start importing Assets/Objects/POLYGON city pack/Materials/Material_meshs/grass.mat using Guid(9904cd0f6245e884999431c0bdf22fef) Importer(815301076,1909f56bfc062723c751e8b465ee728b)  -> (artifact id: '3c58fe5ee6f63fc8d3c0ac4aebb065cf') in 0.011902 seconds
Number of updated asset objects reloaded before import = 0
Number of asset objects unloaded after import = 2
========================================================================
Received Import Request.
  Time since last request: 0.000015 seconds.
  path: Assets/Objects/POLYGON city pack/Materials/Material_meshs/GlassCola.mat
  artifactKey: Guid(7d314c3142c10a541834f32c2573cb0e) Importer(815301076,1909f56bfc062723c751e8b465ee728b)
Start importing Assets/Objects/POLYGON city pack/Materials/Material_meshs/GlassCola.mat using Guid(7d314c3142c10a541834f32c2573cb0e) Importer(815301076,1909f56bfc062723c751e8b465ee728b)  -> (artifact id: '1b6075eb21879df6c61c11a3a87549d0') in 0.012050 seconds
Number of updated asset objects reloaded before import = 0
Number of asset objects unloaded after import = 2
========================================================================
Received Import Request.
  Time since last request: 0.011454 seconds.
  path: Assets/Objects/POLYGON city pack/Materials/Material_meshs/Grid.mat
  artifactKey: Guid(f2f02f2d34418854d80798cb0fa82bc7) Importer(815301076,1909f56bfc062723c751e8b465ee728b)
Start importing Assets/Objects/POLYGON city pack/Materials/Material_meshs/Grid.mat using Guid(f2f02f2d34418854d80798cb0fa82bc7) Importer(815301076,1909f56bfc062723c751e8b465ee728b)  -> (artifact id: 'b74e70bf4f6787cba6496c51b3be0669') in 0.011584 seconds
Number of updated asset objects reloaded before import = 0
Number of asset objects unloaded after import = 2
========================================================================
Received Import Request.
  Time since last request: 0.000017 seconds.
  path: Assets/Objects/POLYGON city pack/Materials/Material_meshs/hedge.mat
  artifactKey: Guid(00481b12d8fb567408d3f4f4f7dcb2e8) Importer(815301076,1909f56bfc062723c751e8b465ee728b)
Start importing Assets/Objects/POLYGON city pack/Materials/Material_meshs/hedge.mat using Guid(00481b12d8fb567408d3f4f4f7dcb2e8) Importer(815301076,1909f56bfc062723c751e8b465ee728b)  -> (artifact id: 'c3e27edcc13c1b18e341d15df2dda8a7') in 0.012351 seconds
Number of updated asset objects reloaded before import = 0
Number of asset objects unloaded after import = 2
========================================================================
Received Import Request.
  Time since last request: 2.879610 seconds.
  path: Assets/Objects/POLYGON city pack/Materials/Material_meshs/Mail_box.mat
  artifactKey: Guid(544852be24715f24894730d110ba2a8f) Importer(815301076,1909f56bfc062723c751e8b465ee728b)
Start importing Assets/Objects/POLYGON city pack/Materials/Material_meshs/Mail_box.mat using Guid(544852be24715f24894730d110ba2a8f) Importer(815301076,1909f56bfc062723c751e8b465ee728b)  -> (artifact id: '502aa9902b2d736a1c1a8a10aec25fe6') in 0.016220 seconds
Number of updated asset objects reloaded before import = 0
Number of asset objects unloaded after import = 2
========================================================================
Received Import Request.
  Time since last request: 0.038563 seconds.
  path: Assets/Objects/POLYGON city pack/Materials/Material_meshs/plant 1.mat
  artifactKey: Guid(47b23d2d38e75d647bb4c68fcc720550) Importer(815301076,1909f56bfc062723c751e8b465ee728b)
Start importing Assets/Objects/POLYGON city pack/Materials/Material_meshs/plant 1.mat using Guid(47b23d2d38e75d647bb4c68fcc720550) Importer(815301076,1909f56bfc062723c751e8b465ee728b)  -> (artifact id: '6f624b8e6dd7349f34231cb00b216348') in 0.020241 seconds
Number of updated asset objects reloaded before import = 0
Number of asset objects unloaded after import = 2
========================================================================
Received Import Request.
  Time since last request: 0.000046 seconds.
  path: Assets/Objects/POLYGON city pack/Materials/Material_meshs/Pot_tree.mat
  artifactKey: Guid(3b40b8ee00299524ea7fc922043f7454) Importer(815301076,1909f56bfc062723c751e8b465ee728b)
Start importing Assets/Objects/POLYGON city pack/Materials/Material_meshs/Pot_tree.mat using Guid(3b40b8ee00299524ea7fc922043f7454) Importer(815301076,1909f56bfc062723c751e8b465ee728b)  -> (artifact id: '40831ff45f8db05c4bd06b86e8393a8e') in 0.026574 seconds
Number of updated asset objects reloaded before import = 0
Number of asset objects unloaded after import = 2
========================================================================
Received Import Request.
  Time since last request: 0.000019 seconds.
  path: Assets/Objects/POLYGON city pack/Materials/Material_meshs/shop a.mat
  artifactKey: Guid(c06185e5d01b2bb4f86fb038b61445f5) Importer(815301076,1909f56bfc062723c751e8b465ee728b)
Start importing Assets/Objects/POLYGON city pack/Materials/Material_meshs/shop a.mat using Guid(c06185e5d01b2bb4f86fb038b61445f5) Importer(815301076,1909f56bfc062723c751e8b465ee728b)  -> (artifact id: '2f1c30f6427f45a85c87a1850bf5612d') in 0.025748 seconds
Number of updated asset objects reloaded before import = 0
Number of asset objects unloaded after import = 2
========================================================================
Received Import Request.
  Time since last request: 1.680015 seconds.
  path: Assets/Objects/POLYGON city pack/Materials/Material_meshs/Sideway 2x2m.mat
  artifactKey: Guid(bbfc60a43ae74ad458ee80e12798a23a) Importer(815301076,1909f56bfc062723c751e8b465ee728b)
Start importing Assets/Objects/POLYGON city pack/Materials/Material_meshs/Sideway 2x2m.mat using Guid(bbfc60a43ae74ad458ee80e12798a23a) Importer(815301076,1909f56bfc062723c751e8b465ee728b)  -> (artifact id: '741d22c57f219850efea873f6a958020') in 0.011449 seconds
Number of updated asset objects reloaded before import = 0
Number of asset objects unloaded after import = 2
========================================================================
Received Import Request.
  Time since last request: 0.000015 seconds.
  path: Assets/Objects/POLYGON city pack/Materials/Material_meshs/Sign_ traffic 6.mat
  artifactKey: Guid(f798d719a656af348874a567a5e54242) Importer(815301076,1909f56bfc062723c751e8b465ee728b)
Start importing Assets/Objects/POLYGON city pack/Materials/Material_meshs/Sign_ traffic 6.mat using Guid(f798d719a656af348874a567a5e54242) Importer(815301076,1909f56bfc062723c751e8b465ee728b)  -> (artifact id: '2c705c8996e1f600d6ef99a53f2d74ac') in 0.011399 seconds
Number of updated asset objects reloaded before import = 0
Number of asset objects unloaded after import = 2
========================================================================
Received Import Request.
  Time since last request: 0.017523 seconds.
  path: Assets/Objects/POLYGON city pack/Materials/Material_meshs/Sign_slow.mat
  artifactKey: Guid(375db1c03c0a2594185895a66be6ce0a) Importer(815301076,1909f56bfc062723c751e8b465ee728b)
Start importing Assets/Objects/POLYGON city pack/Materials/Material_meshs/Sign_slow.mat using Guid(375db1c03c0a2594185895a66be6ce0a) Importer(815301076,1909f56bfc062723c751e8b465ee728b)  -> (artifact id: '1bf25ac450bbfea27f3a8572f39d1d68') in 0.013322 seconds
Number of updated asset objects reloaded before import = 0
Number of asset objects unloaded after import = 2
========================================================================
Received Import Request.
  Time since last request: 0.038817 seconds.
  path: Assets/Objects/POLYGON city pack/Materials/Material_meshs/Sign_speed_50.mat
  artifactKey: Guid(3469377aa9a97234b964fc824e7105d9) Importer(815301076,1909f56bfc062723c751e8b465ee728b)
Start importing Assets/Objects/POLYGON city pack/Materials/Material_meshs/Sign_speed_50.mat using Guid(3469377aa9a97234b964fc824e7105d9) Importer(815301076,1909f56bfc062723c751e8b465ee728b)  -> (artifact id: '9e43dc2b28b83ab570f50c0b8c79601f') in 0.011665 seconds
Number of updated asset objects reloaded before import = 0
Number of asset objects unloaded after import = 2
========================================================================
Received Import Request.
  Time since last request: 0.000016 seconds.
  path: Assets/Objects/POLYGON city pack/Materials/Material_meshs/Sign_speed_100.mat
  artifactKey: Guid(a4a40e7c355f38a4881ec26872523781) Importer(815301076,1909f56bfc062723c751e8b465ee728b)
Start importing Assets/Objects/POLYGON city pack/Materials/Material_meshs/Sign_speed_100.mat using Guid(a4a40e7c355f38a4881ec26872523781) Importer(815301076,1909f56bfc062723c751e8b465ee728b)  -> (artifact id: '07f5530d90faa84626d6abed67ed08d4') in 0.011553 seconds
Number of updated asset objects reloaded before import = 0
Number of asset objects unloaded after import = 2
========================================================================
Received Import Request.
  Time since last request: 0.653099 seconds.
  path: Assets/Objects/POLYGON city pack/Materials/Material_meshs/Sign_traffic 4.mat
  artifactKey: Guid(6211d6c20e4e0f7468c34706610697bc) Importer(815301076,1909f56bfc062723c751e8b465ee728b)
Start importing Assets/Objects/POLYGON city pack/Materials/Material_meshs/Sign_traffic 4.mat using Guid(6211d6c20e4e0f7468c34706610697bc) Importer(815301076,1909f56bfc062723c751e8b465ee728b)  -> (artifact id: '0938f20064cea9bd15b473cf6dd1b789') in 0.011610 seconds
Number of updated asset objects reloaded before import = 0
Number of asset objects unloaded after import = 2
========================================================================
Received Import Request.
  Time since last request: 0.510549 seconds.
  path: Assets/Objects/POLYGON city pack/Materials/Material_meshs/speed_limit_sign_100.mat
  artifactKey: Guid(8c07f4426f20f814f8750e02505d7ec4) Importer(815301076,1909f56bfc062723c751e8b465ee728b)
Start importing Assets/Objects/POLYGON city pack/Materials/Material_meshs/speed_limit_sign_100.mat using Guid(8c07f4426f20f814f8750e02505d7ec4) Importer(815301076,1909f56bfc062723c751e8b465ee728b)  -> (artifact id: '0f205eb4de7e71eb82552ae92cd052ed') in 0.015718 seconds
Number of updated asset objects reloaded before import = 0
Number of asset objects unloaded after import = 2
========================================================================
Received Import Request.
  Time since last request: 0.000015 seconds.
  path: Assets/Objects/POLYGON city pack/Materials/Material_meshs/street 1.mat
  artifactKey: Guid(8c68b30c228ba1e478ff2433f4f83ba0) Importer(815301076,1909f56bfc062723c751e8b465ee728b)
Start importing Assets/Objects/POLYGON city pack/Materials/Material_meshs/street 1.mat using Guid(8c68b30c228ba1e478ff2433f4f83ba0) Importer(815301076,1909f56bfc062723c751e8b465ee728b)  -> (artifact id: '763bba8c69eef5e41e0ed2dea9a473fd') in 0.025652 seconds
Number of updated asset objects reloaded before import = 0
Number of asset objects unloaded after import = 2
========================================================================
Received Import Request.
  Time since last request: 7.594811 seconds.
  path: Assets/Objects/POLYGON city pack/Materials/Material_meshs/street 4.mat
  artifactKey: Guid(e392b3db3896de742a7fe9186046092b) Importer(815301076,1909f56bfc062723c751e8b465ee728b)
Start importing Assets/Objects/POLYGON city pack/Materials/Material_meshs/street 4.mat using Guid(e392b3db3896de742a7fe9186046092b) Importer(815301076,1909f56bfc062723c751e8b465ee728b)  -> (artifact id: 'c17adc8b58eb40cbf304fea0784bafdc') in 0.014296 seconds
Number of updated asset objects reloaded before import = 0
Number of asset objects unloaded after import = 2
========================================================================
Received Import Request.
  Time since last request: 0.032723 seconds.
  path: Assets/Objects/POLYGON city pack/Materials/Material_meshs/street 8.mat
  artifactKey: Guid(f66625c0d638e4441aad72b0e59126c2) Importer(815301076,1909f56bfc062723c751e8b465ee728b)
Start importing Assets/Objects/POLYGON city pack/Materials/Material_meshs/street 8.mat using Guid(f66625c0d638e4441aad72b0e59126c2) Importer(815301076,1909f56bfc062723c751e8b465ee728b)  -> (artifact id: '12d17a0d08a5c3038c48ff9274fd7ae5') in 0.012861 seconds
Number of updated asset objects reloaded before import = 0
Number of asset objects unloaded after import = 2
========================================================================
Received Import Request.
  Time since last request: 0.310982 seconds.
  path: Assets/Objects/POLYGON city pack/Materials/Material_meshs/street 12.mat
  artifactKey: Guid(2bc525635b15d14438a320ee5aaafaf0) Importer(815301076,1909f56bfc062723c751e8b465ee728b)
Start importing Assets/Objects/POLYGON city pack/Materials/Material_meshs/street 12.mat using Guid(2bc525635b15d14438a320ee5aaafaf0) Importer(815301076,1909f56bfc062723c751e8b465ee728b)  -> (artifact id: 'bc51af8fdea9e20a759c540aaeb1d741') in 0.011433 seconds
Number of updated asset objects reloaded before import = 0
Number of asset objects unloaded after import = 2
========================================================================
Received Import Request.
  Time since last request: 0.000014 seconds.
  path: Assets/Objects/POLYGON city pack/Materials/Material_meshs/street 13.mat
  artifactKey: Guid(34ec53f412bdc5545a2722b7b5a1f277) Importer(815301076,1909f56bfc062723c751e8b465ee728b)
Start importing Assets/Objects/POLYGON city pack/Materials/Material_meshs/street 13.mat using Guid(34ec53f412bdc5545a2722b7b5a1f277) Importer(815301076,1909f56bfc062723c751e8b465ee728b)  -> (artifact id: 'd21594c173e9fef46345ef5a92d490d8') in 0.012550 seconds
Number of updated asset objects reloaded before import = 0
Number of asset objects unloaded after import = 2
========================================================================
Received Import Request.
  Time since last request: 0.019601 seconds.
  path: Assets/Objects/POLYGON city pack/Materials/Material_meshs/street 16.mat
  artifactKey: Guid(c88e6f689c0b0244483582064ba31383) Importer(815301076,1909f56bfc062723c751e8b465ee728b)
Start importing Assets/Objects/POLYGON city pack/Materials/Material_meshs/street 16.mat using Guid(c88e6f689c0b0244483582064ba31383) Importer(815301076,1909f56bfc062723c751e8b465ee728b)  -> (artifact id: '6f89dd613c527da05bca1ffd3938785a') in 0.012448 seconds
Number of updated asset objects reloaded before import = 0
Number of asset objects unloaded after import = 2
========================================================================
Received Import Request.
  Time since last request: 0.025237 seconds.
  path: Assets/Objects/POLYGON city pack/Materials/Material_meshs/street 20.mat
  artifactKey: Guid(366292c81715a0f47be66ba182a84b25) Importer(815301076,1909f56bfc062723c751e8b465ee728b)
Start importing Assets/Objects/POLYGON city pack/Materials/Material_meshs/street 20.mat using Guid(366292c81715a0f47be66ba182a84b25) Importer(815301076,1909f56bfc062723c751e8b465ee728b)  -> (artifact id: '2350da2330fc5fece29b6d9be0b9fbe8') in 0.011244 seconds
Number of updated asset objects reloaded before import = 0
Number of asset objects unloaded after import = 2
========================================================================
Received Import Request.
  Time since last request: 0.456765 seconds.
  path: Assets/Objects/POLYGON city pack/Materials/Material_meshs/supermarket.mat
  artifactKey: Guid(5a982ead24f664e4d869d95ef387a770) Importer(815301076,1909f56bfc062723c751e8b465ee728b)
Start importing Assets/Objects/POLYGON city pack/Materials/Material_meshs/supermarket.mat using Guid(5a982ead24f664e4d869d95ef387a770) Importer(815301076,1909f56bfc062723c751e8b465ee728b)  -> (artifact id: '4fcb9f047e5b1e1538da49f9afdabfb1') in 0.010893 seconds
Number of updated asset objects reloaded before import = 0
Number of asset objects unloaded after import = 2
========================================================================
Received Import Request.
  Time since last request: 0.015783 seconds.
  path: Assets/Objects/POLYGON city pack/Materials/Material_meshs/Traffic_pot.mat
  artifactKey: Guid(852f302bfbd276b4da26b146e0b54fea) Importer(815301076,1909f56bfc062723c751e8b465ee728b)
Start importing Assets/Objects/POLYGON city pack/Materials/Material_meshs/Traffic_pot.mat using Guid(852f302bfbd276b4da26b146e0b54fea) Importer(815301076,1909f56bfc062723c751e8b465ee728b)  -> (artifact id: '34d8babed3039017360d034153073e62') in 0.009987 seconds
Number of updated asset objects reloaded before import = 0
Number of asset objects unloaded after import = 2
========================================================================
Received Import Request.
  Time since last request: 0.000018 seconds.
  path: Assets/Objects/POLYGON city pack/Materials/Material_meshs/traffic_warning_stand.mat
  artifactKey: Guid(cda4bf9752050144cae905f521392822) Importer(815301076,1909f56bfc062723c751e8b465ee728b)
Start importing Assets/Objects/POLYGON city pack/Materials/Material_meshs/traffic_warning_stand.mat using Guid(cda4bf9752050144cae905f521392822) Importer(815301076,1909f56bfc062723c751e8b465ee728b)  -> (artifact id: '05b9a199f1b63e940785e172c7a5380d') in 0.012222 seconds
Number of updated asset objects reloaded before import = 0
Number of asset objects unloaded after import = 2
========================================================================
Received Import Request.
  Time since last request: 0.014711 seconds.
  path: Assets/Objects/POLYGON city pack/Materials/Material_meshs/tree leaf.mat
  artifactKey: Guid(45aa121491da72e4b8c0fcdb4533272d) Importer(815301076,1909f56bfc062723c751e8b465ee728b)
Start importing Assets/Objects/POLYGON city pack/Materials/Material_meshs/tree leaf.mat using Guid(45aa121491da72e4b8c0fcdb4533272d) Importer(815301076,1909f56bfc062723c751e8b465ee728b)  -> (artifact id: 'c29123e9e78039dce21cb1f07be7e258') in 0.011352 seconds
Number of updated asset objects reloaded before import = 0
Number of asset objects unloaded after import = 2
Editor requested this worker to shutdown with reason: Scaling down because of idle timeout
TcpMessagingSession - receive error: operation aborted. errorcode: 995, details: The I/O operation has been aborted because of either a thread exit or an application request.
AssetImportWorker is now disconnected from the server
Process exiting
Exiting without the bug reporter. Application will terminate with return code 0